<?xml version="1.0" encoding="UTF-8"?>
<!-- Generated by org.testng.reporters.JUnitXMLReporter -->
<testsuite hostname="LAPTOP-ORI8JR52" ignored="0" name="Default test" tests="2" failures="0" timestamp="2020-10-23T15:19:53 IST" time="2.301" errors="0">
  <testcase name="verifyStoresApiStoresAddTest" time="1.97" classname="com.bestbuy.storesapitest.StoresAPIPostTest"/>
  <testcase name="verifyStoresApiStoresAddTest" time="0.045" classname="com.bestbuy.storesapitest.StoresAPIPostTest"/>
</testsuite> <!-- Default test -->
