<?xml version="1.0" encoding="UTF-8"?>
<!-- Generated by org.testng.reporters.JUnitXMLReporter -->
<testsuite hostname="LAPTOP-ORI8JR52" ignored="0" name="Default test" tests="52" failures="0" timestamp="2020-10-24T11:22:29 IST" time="9.959" errors="0">
  <testcase name="verifyCategoriesData" time="0.009" classname="com.bestby.productapitest.ProductAPIGetTest"/>
  <testcase name="verifyCategoriesData" time="0.001" classname="com.bestby.productapitest.ProductAPIGetTest"/>
  <testcase name="verifyCategoriesData" time="0.001" classname="com.bestby.productapitest.ProductAPIGetTest"/>
  <testcase name="verifyCategoriesData" time="0.0" classname="com.bestby.productapitest.ProductAPIGetTest"/>
  <testcase name="verifyCategoriesData" time="0.0" classname="com.bestby.productapitest.ProductAPIGetTest"/>
  <testcase name="verifyCategoriesData" time="0.001" classname="com.bestby.productapitest.ProductAPIGetTest"/>
  <testcase name="verifyCategoriesData" time="0.001" classname="com.bestby.productapitest.ProductAPIGetTest"/>
  <testcase name="verifyCategoriesData" time="0.0" classname="com.bestby.productapitest.ProductAPIGetTest"/>
  <testcase name="verifyCategoriesData" time="0.001" classname="com.bestby.productapitest.ProductAPIGetTest"/>
  <testcase name="verifyCategoriesData" time="0.001" classname="com.bestby.productapitest.ProductAPIGetTest"/>
  <testcase name="verifyCategoriesData" time="0.0" classname="com.bestby.productapitest.ProductAPIGetTest"/>
  <testcase name="verifyCategoriesData" time="0.001" classname="com.bestby.productapitest.ProductAPIGetTest"/>
  <testcase name="verifyCategoriesData" time="0.0" classname="com.bestby.productapitest.ProductAPIGetTest"/>
  <testcase name="verifyCategoriesData" time="0.0" classname="com.bestby.productapitest.ProductAPIGetTest"/>
  <testcase name="verifyCategoriesData" time="0.0" classname="com.bestby.productapitest.ProductAPIGetTest"/>
  <testcase name="verifyCategoriesData" time="0.001" classname="com.bestby.productapitest.ProductAPIGetTest"/>
  <testcase name="verifyCategoriesData" time="0.001" classname="com.bestby.productapitest.ProductAPIGetTest"/>
  <testcase name="verifyCategoriesData" time="0.0" classname="com.bestby.productapitest.ProductAPIGetTest"/>
  <testcase name="verifyCategoriesData" time="0.0" classname="com.bestby.productapitest.ProductAPIGetTest"/>
  <testcase name="verifyCategoriesData" time="0.001" classname="com.bestby.productapitest.ProductAPIGetTest"/>
  <testcase name="verifyCategoriesData" time="0.001" classname="com.bestby.productapitest.ProductAPIGetTest"/>
  <testcase name="verifyCategoriesData" time="0.001" classname="com.bestby.productapitest.ProductAPIGetTest"/>
  <testcase name="verifyCategoriesData" time="0.0" classname="com.bestby.productapitest.ProductAPIGetTest"/>
  <testcase name="verifyCategoriesData" time="0.0" classname="com.bestby.productapitest.ProductAPIGetTest"/>
  <testcase name="verifyCategoriesData" time="0.001" classname="com.bestby.productapitest.ProductAPIGetTest"/>
  <testcase name="verifyCategoriesData" time="0.0" classname="com.bestby.productapitest.ProductAPIGetTest"/>
  <testcase name="verifyCategoriesData" time="0.001" classname="com.bestby.productapitest.ProductAPIGetTest"/>
  <testcase name="verifyCategoriesData" time="0.0" classname="com.bestby.productapitest.ProductAPIGetTest"/>
  <testcase name="verifyCategoriesData" time="0.0" classname="com.bestby.productapitest.ProductAPIGetTest"/>
  <testcase name="verifyCategoriesData" time="0.001" classname="com.bestby.productapitest.ProductAPIGetTest"/>
  <testcase name="verifyCategoriesData" time="0.001" classname="com.bestby.productapitest.ProductAPIGetTest"/>
  <testcase name="verifyCategoriesData" time="0.001" classname="com.bestby.productapitest.ProductAPIGetTest"/>
  <testcase name="verifyCategoriesData" time="0.0" classname="com.bestby.productapitest.ProductAPIGetTest"/>
  <testcase name="verifyCategoriesData" time="0.0" classname="com.bestby.productapitest.ProductAPIGetTest"/>
  <testcase name="verifyCategoriesData" time="0.001" classname="com.bestby.productapitest.ProductAPIGetTest"/>
  <testcase name="verifyCategoriesData" time="0.001" classname="com.bestby.productapitest.ProductAPIGetTest"/>
  <testcase name="verifyCategoriesData" time="0.001" classname="com.bestby.productapitest.ProductAPIGetTest"/>
  <testcase name="verifyCategoriesData" time="0.0" classname="com.bestby.productapitest.ProductAPIGetTest"/>
  <testcase name="verifyCategoriesData" time="0.0" classname="com.bestby.productapitest.ProductAPIGetTest"/>
  <testcase name="verifyCategoriesData" time="0.0" classname="com.bestby.productapitest.ProductAPIGetTest"/>
  <testcase name="verifyCategoriesData" time="0.001" classname="com.bestby.productapitest.ProductAPIGetTest"/>
  <testcase name="verifyCategoriesData" time="0.001" classname="com.bestby.productapitest.ProductAPIGetTest"/>
  <testcase name="verifyProductApiResponse" time="0.0" classname="com.bestby.productapitest.ProductAPIGetTest"/>
  <testcase name="verifyProductApiResponse" time="0.001" classname="com.bestby.productapitest.ProductAPIGetTest"/>
  <testcase name="verifyProductApiResponse" time="0.001" classname="com.bestby.productapitest.ProductAPIGetTest"/>
  <testcase name="verifyProductApiResponse" time="0.0" classname="com.bestby.productapitest.ProductAPIGetTest"/>
  <testcase name="verifyProductApiResponse" time="0.0" classname="com.bestby.productapitest.ProductAPIGetTest"/>
  <testcase name="verifyProductApiResponse" time="0.0" classname="com.bestby.productapitest.ProductAPIGetTest"/>
  <testcase name="verifyProductApiResponse" time="0.0" classname="com.bestby.productapitest.ProductAPIGetTest"/>
  <testcase name="verifyProductApiResponse" time="0.0" classname="com.bestby.productapitest.ProductAPIGetTest"/>
  <testcase name="verifyProductApiResponse" time="0.0" classname="com.bestby.productapitest.ProductAPIGetTest"/>
  <testcase name="verifyProductApiResponse" time="0.0" classname="com.bestby.productapitest.ProductAPIGetTest"/>
</testsuite> <!-- Default test -->
