<?xml version="1.0" encoding="UTF-8"?>
<!-- Generated by org.testng.reporters.JUnitXMLReporter -->
<testsuite hostname="LAPTOP-ORI8JR52" ignored="0" name="Test1" tests="60" failures="0" timestamp="2020-10-24T13:25:42 IST" time="10.344" errors="0">
  <testcase name="verifyServiceApiServiceAddTest" time="1.446" classname="com.bestbuy.serviceapitest.ServiceAPIPostTest"/>
  <testcase name="verifyServiceApiServiceAddTest" time="0.025" classname="com.bestbuy.serviceapitest.ServiceAPIPostTest"/>
  <testcase name="verifyStoresApiStoresAddTest" time="0.042" classname="com.bestbuy.storesapitest.StoresAPIPostTest"/>
  <testcase name="verifyStoresApiStoresAddTest" time="0.03" classname="com.bestbuy.storesapitest.StoresAPIPostTest"/>
  <testcase name="verifyCategoriesData" time="0.001" classname="com.bestby.productapitest.ProductAPIGetTest"/>
  <testcase name="verifyCategoriesData" time="0.001" classname="com.bestby.productapitest.ProductAPIGetTest"/>
  <testcase name="verifyCategoriesData" time="0.0" classname="com.bestby.productapitest.ProductAPIGetTest"/>
  <testcase name="verifyCategoriesData" time="0.001" classname="com.bestby.productapitest.ProductAPIGetTest"/>
  <testcase name="verifyCategoriesData" time="0.001" classname="com.bestby.productapitest.ProductAPIGetTest"/>
  <testcase name="verifyCategoriesData" time="0.001" classname="com.bestby.productapitest.ProductAPIGetTest"/>
  <testcase name="verifyCategoriesData" time="0.001" classname="com.bestby.productapitest.ProductAPIGetTest"/>
  <testcase name="verifyCategoriesData" time="0.001" classname="com.bestby.productapitest.ProductAPIGetTest"/>
  <testcase name="verifyCategoriesData" time="0.001" classname="com.bestby.productapitest.ProductAPIGetTest"/>
  <testcase name="verifyCategoriesData" time="0.001" classname="com.bestby.productapitest.ProductAPIGetTest"/>
  <testcase name="verifyCategoriesData" time="0.001" classname="com.bestby.productapitest.ProductAPIGetTest"/>
  <testcase name="verifyCategoriesData" time="0.001" classname="com.bestby.productapitest.ProductAPIGetTest"/>
  <testcase name="verifyCategoriesData" time="0.001" classname="com.bestby.productapitest.ProductAPIGetTest"/>
  <testcase name="verifyCategoriesData" time="0.001" classname="com.bestby.productapitest.ProductAPIGetTest"/>
  <testcase name="verifyCategoriesData" time="0.001" classname="com.bestby.productapitest.ProductAPIGetTest"/>
  <testcase name="verifyCategoriesData" time="0.001" classname="com.bestby.productapitest.ProductAPIGetTest"/>
  <testcase name="verifyCategoriesData" time="0.001" classname="com.bestby.productapitest.ProductAPIGetTest"/>
  <testcase name="verifyCategoriesData" time="0.001" classname="com.bestby.productapitest.ProductAPIGetTest"/>
  <testcase name="verifyCategoriesData" time="0.0" classname="com.bestby.productapitest.ProductAPIGetTest"/>
  <testcase name="verifyCategoriesData" time="0.001" classname="com.bestby.productapitest.ProductAPIGetTest"/>
  <testcase name="verifyCategoriesData" time="0.001" classname="com.bestby.productapitest.ProductAPIGetTest"/>
  <testcase name="verifyCategoriesData" time="0.001" classname="com.bestby.productapitest.ProductAPIGetTest"/>
  <testcase name="verifyCategoriesData" time="0.001" classname="com.bestby.productapitest.ProductAPIGetTest"/>
  <testcase name="verifyCategoriesData" time="0.001" classname="com.bestby.productapitest.ProductAPIGetTest"/>
  <testcase name="verifyCategoriesData" time="0.0" classname="com.bestby.productapitest.ProductAPIGetTest"/>
  <testcase name="verifyCategoriesData" time="0.001" classname="com.bestby.productapitest.ProductAPIGetTest"/>
  <testcase name="verifyCategoriesData" time="0.0" classname="com.bestby.productapitest.ProductAPIGetTest"/>
  <testcase name="verifyCategoriesData" time="0.0" classname="com.bestby.productapitest.ProductAPIGetTest"/>
  <testcase name="verifyCategoriesData" time="0.001" classname="com.bestby.productapitest.ProductAPIGetTest"/>
  <testcase name="verifyCategoriesData" time="0.001" classname="com.bestby.productapitest.ProductAPIGetTest"/>
  <testcase name="verifyCategoriesData" time="0.001" classname="com.bestby.productapitest.ProductAPIGetTest"/>
  <testcase name="verifyCategoriesData" time="0.001" classname="com.bestby.productapitest.ProductAPIGetTest"/>
  <testcase name="verifyCategoriesData" time="0.001" classname="com.bestby.productapitest.ProductAPIGetTest"/>
  <testcase name="verifyCategoriesData" time="0.001" classname="com.bestby.productapitest.ProductAPIGetTest"/>
  <testcase name="verifyCategoriesData" time="0.001" classname="com.bestby.productapitest.ProductAPIGetTest"/>
  <testcase name="verifyCategoriesData" time="0.001" classname="com.bestby.productapitest.ProductAPIGetTest"/>
  <testcase name="verifyCategoriesData" time="0.001" classname="com.bestby.productapitest.ProductAPIGetTest"/>
  <testcase name="verifyCategoriesData" time="0.001" classname="com.bestby.productapitest.ProductAPIGetTest"/>
  <testcase name="verifyCategoriesData" time="0.0" classname="com.bestby.productapitest.ProductAPIGetTest"/>
  <testcase name="verifyCategoriesData" time="0.001" classname="com.bestby.productapitest.ProductAPIGetTest"/>
  <testcase name="verifyCategoriesData" time="0.001" classname="com.bestby.productapitest.ProductAPIGetTest"/>
  <testcase name="verifyCategoriesData" time="0.001" classname="com.bestby.productapitest.ProductAPIGetTest"/>
  <testcase name="verifyProductApiResponse" time="0.001" classname="com.bestby.productapitest.ProductAPIGetTest"/>
  <testcase name="verifyProductApiResponse" time="0.0" classname="com.bestby.productapitest.ProductAPIGetTest"/>
  <testcase name="verifyProductApiResponse" time="0.001" classname="com.bestby.productapitest.ProductAPIGetTest"/>
  <testcase name="verifyProductApiResponse" time="0.001" classname="com.bestby.productapitest.ProductAPIGetTest"/>
  <testcase name="verifyProductApiResponse" time="0.0" classname="com.bestby.productapitest.ProductAPIGetTest"/>
  <testcase name="verifyProductApiResponse" time="0.001" classname="com.bestby.productapitest.ProductAPIGetTest"/>
  <testcase name="verifyProductApiResponse" time="0.001" classname="com.bestby.productapitest.ProductAPIGetTest"/>
  <testcase name="verifyProductApiResponse" time="0.001" classname="com.bestby.productapitest.ProductAPIGetTest"/>
  <testcase name="verifyProductApiResponse" time="0.0" classname="com.bestby.productapitest.ProductAPIGetTest"/>
  <testcase name="verifyProductApiResponse" time="0.001" classname="com.bestby.productapitest.ProductAPIGetTest"/>
  <testcase name="verifyProductApiProductAddTest" time="0.027" classname="com.bestby.productapitest.ProductAPIPostTest"/>
  <testcase name="verifyProductApiProductAddTest" time="0.024" classname="com.bestby.productapitest.ProductAPIPostTest"/>
  <testcase name="verifyProductApiProductAddTest" time="0.018" classname="com.bestby.productapitest.ProductAPIPostTest"/>
  <testcase name="verifyProductApiProductAddTest" time="0.018" classname="com.bestby.productapitest.ProductAPIPostTest"/>
</testsuite> <!-- Test1 -->
