<?xml version="1.0" encoding="UTF-8"?>
<!-- Generated by org.testng.reporters.JUnitXMLReporter -->
<testsuite hostname="LAPTOP-ORI8JR52" ignored="0" name="Test1" tests="60" failures="0" timestamp="2020-10-24T13:32:59 IST" time="10.128" errors="0">
  <testcase name="verifyServiceApiServiceAddTest" time="1.431" classname="com.bestbuy.serviceapitest.ServiceAPIPostTest"/>
  <testcase name="verifyServiceApiServiceAddTest" time="0.021" classname="com.bestbuy.serviceapitest.ServiceAPIPostTest"/>
  <testcase name="verifyStoresApiStoresAddTest" time="0.025" classname="com.bestbuy.storesapitest.StoresAPIPostTest"/>
  <testcase name="verifyStoresApiStoresAddTest" time="0.021" classname="com.bestbuy.storesapitest.StoresAPIPostTest"/>
  <testcase name="verifyCategoriesData" time="0.0" classname="com.bestby.productapitest.ProductAPIGetTest"/>
  <testcase name="verifyCategoriesData" time="0.0" classname="com.bestby.productapitest.ProductAPIGetTest"/>
  <testcase name="verifyCategoriesData" time="0.001" classname="com.bestby.productapitest.ProductAPIGetTest"/>
  <testcase name="verifyCategoriesData" time="0.0" classname="com.bestby.productapitest.ProductAPIGetTest"/>
  <testcase name="verifyCategoriesData" time="0.0" classname="com.bestby.productapitest.ProductAPIGetTest"/>
  <testcase name="verifyCategoriesData" time="0.0" classname="com.bestby.productapitest.ProductAPIGetTest"/>
  <testcase name="verifyCategoriesData" time="0.0" classname="com.bestby.productapitest.ProductAPIGetTest"/>
  <testcase name="verifyCategoriesData" time="0.001" classname="com.bestby.productapitest.ProductAPIGetTest"/>
  <testcase name="verifyCategoriesData" time="0.001" classname="com.bestby.productapitest.ProductAPIGetTest"/>
  <testcase name="verifyCategoriesData" time="0.001" classname="com.bestby.productapitest.ProductAPIGetTest"/>
  <testcase name="verifyCategoriesData" time="0.0" classname="com.bestby.productapitest.ProductAPIGetTest"/>
  <testcase name="verifyCategoriesData" time="0.0" classname="com.bestby.productapitest.ProductAPIGetTest"/>
  <testcase name="verifyCategoriesData" time="0.001" classname="com.bestby.productapitest.ProductAPIGetTest"/>
  <testcase name="verifyCategoriesData" time="0.0" classname="com.bestby.productapitest.ProductAPIGetTest"/>
  <testcase name="verifyCategoriesData" time="0.001" classname="com.bestby.productapitest.ProductAPIGetTest"/>
  <testcase name="verifyCategoriesData" time="0.0" classname="com.bestby.productapitest.ProductAPIGetTest"/>
  <testcase name="verifyCategoriesData" time="0.0" classname="com.bestby.productapitest.ProductAPIGetTest"/>
  <testcase name="verifyCategoriesData" time="0.001" classname="com.bestby.productapitest.ProductAPIGetTest"/>
  <testcase name="verifyCategoriesData" time="0.0" classname="com.bestby.productapitest.ProductAPIGetTest"/>
  <testcase name="verifyCategoriesData" time="0.0" classname="com.bestby.productapitest.ProductAPIGetTest"/>
  <testcase name="verifyCategoriesData" time="0.0" classname="com.bestby.productapitest.ProductAPIGetTest"/>
  <testcase name="verifyCategoriesData" time="0.0" classname="com.bestby.productapitest.ProductAPIGetTest"/>
  <testcase name="verifyCategoriesData" time="0.001" classname="com.bestby.productapitest.ProductAPIGetTest"/>
  <testcase name="verifyCategoriesData" time="0.0" classname="com.bestby.productapitest.ProductAPIGetTest"/>
  <testcase name="verifyCategoriesData" time="0.0" classname="com.bestby.productapitest.ProductAPIGetTest"/>
  <testcase name="verifyCategoriesData" time="0.001" classname="com.bestby.productapitest.ProductAPIGetTest"/>
  <testcase name="verifyCategoriesData" time="0.0" classname="com.bestby.productapitest.ProductAPIGetTest"/>
  <testcase name="verifyCategoriesData" time="0.001" classname="com.bestby.productapitest.ProductAPIGetTest"/>
  <testcase name="verifyCategoriesData" time="0.0" classname="com.bestby.productapitest.ProductAPIGetTest"/>
  <testcase name="verifyCategoriesData" time="0.0" classname="com.bestby.productapitest.ProductAPIGetTest"/>
  <testcase name="verifyCategoriesData" time="0.001" classname="com.bestby.productapitest.ProductAPIGetTest"/>
  <testcase name="verifyCategoriesData" time="0.0" classname="com.bestby.productapitest.ProductAPIGetTest"/>
  <testcase name="verifyCategoriesData" time="0.0" classname="com.bestby.productapitest.ProductAPIGetTest"/>
  <testcase name="verifyCategoriesData" time="0.0" classname="com.bestby.productapitest.ProductAPIGetTest"/>
  <testcase name="verifyCategoriesData" time="0.0" classname="com.bestby.productapitest.ProductAPIGetTest"/>
  <testcase name="verifyCategoriesData" time="0.0" classname="com.bestby.productapitest.ProductAPIGetTest"/>
  <testcase name="verifyCategoriesData" time="0.001" classname="com.bestby.productapitest.ProductAPIGetTest"/>
  <testcase name="verifyCategoriesData" time="0.0" classname="com.bestby.productapitest.ProductAPIGetTest"/>
  <testcase name="verifyCategoriesData" time="0.0" classname="com.bestby.productapitest.ProductAPIGetTest"/>
  <testcase name="verifyCategoriesData" time="0.0" classname="com.bestby.productapitest.ProductAPIGetTest"/>
  <testcase name="verifyCategoriesData" time="0.001" classname="com.bestby.productapitest.ProductAPIGetTest"/>
  <testcase name="verifyCategoriesData" time="0.0" classname="com.bestby.productapitest.ProductAPIGetTest"/>
  <testcase name="verifyProductApiResponse" time="0.0" classname="com.bestby.productapitest.ProductAPIGetTest"/>
  <testcase name="verifyProductApiResponse" time="0.001" classname="com.bestby.productapitest.ProductAPIGetTest"/>
  <testcase name="verifyProductApiResponse" time="0.0" classname="com.bestby.productapitest.ProductAPIGetTest"/>
  <testcase name="verifyProductApiResponse" time="0.001" classname="com.bestby.productapitest.ProductAPIGetTest"/>
  <testcase name="verifyProductApiResponse" time="0.0" classname="com.bestby.productapitest.ProductAPIGetTest"/>
  <testcase name="verifyProductApiResponse" time="0.001" classname="com.bestby.productapitest.ProductAPIGetTest"/>
  <testcase name="verifyProductApiResponse" time="0.0" classname="com.bestby.productapitest.ProductAPIGetTest"/>
  <testcase name="verifyProductApiResponse" time="0.0" classname="com.bestby.productapitest.ProductAPIGetTest"/>
  <testcase name="verifyProductApiResponse" time="0.0" classname="com.bestby.productapitest.ProductAPIGetTest"/>
  <testcase name="verifyProductApiResponse" time="0.0" classname="com.bestby.productapitest.ProductAPIGetTest"/>
  <testcase name="verifyProductApiProductAddTest" time="0.019" classname="com.bestby.productapitest.ProductAPIPostTest"/>
  <testcase name="verifyProductApiProductAddTest" time="0.017" classname="com.bestby.productapitest.ProductAPIPostTest"/>
  <testcase name="verifyProductApiProductAddTest" time="0.017" classname="com.bestby.productapitest.ProductAPIPostTest"/>
  <testcase name="verifyProductApiProductAddTest" time="0.016" classname="com.bestby.productapitest.ProductAPIPostTest"/>
</testsuite> <!-- Test1 -->
