<?xml version="1.0" encoding="UTF-8"?>
<testng-results skipped="0" failed="0" ignored="0" total="60" passed="60">
  <reporter-output>
  </reporter-output>
  <suite name="Suite" duration-ms="10371" started-at="2020-10-24T13:13:42 IST" finished-at="2020-10-24T13:13:52 IST">
    <groups>
    </groups>
    <test name="Test1" duration-ms="10371" started-at="2020-10-24T13:13:42 IST" finished-at="2020-10-24T13:13:52 IST">
      <class name="com.bestby.productapitest.ProductAPIPostTest">
        <test-method status="PASS" signature="verifyProductApiProductAddTest(java.util.Hashtable)[pri:0, instance:com.bestby.productapitest.ProductAPIPostTest@69b2283a]" name="verifyProductApiProductAddTest" duration-ms="26" started-at="2020-10-24T13:13:52 IST" data-provider="ProductPayloadData" finished-at="2020-10-24T13:13:52 IST">
          <params>
            <param index="0">
              <value>
                <![CDATA[{shipping=200.0, url=http://appple.com, name=Apple Macbook Pro, upc=None, image=https://apple.com, model=Macbook Pro, price=2000.0, type=Laptop, manufacturer=Apple, description=15 inch Laptop}]]>
              </value>
            </param>
          </params>
          <reporter-output>
          </reporter-output>
        </test-method> <!-- verifyProductApiProductAddTest -->
        <test-method status="PASS" signature="verifyProductApiProductAddTest(java.util.Hashtable)[pri:0, instance:com.bestby.productapitest.ProductAPIPostTest@69b2283a]" name="verifyProductApiProductAddTest" duration-ms="22" started-at="2020-10-24T13:13:52 IST" data-provider="ProductPayloadData" finished-at="2020-10-24T13:13:52 IST">
          <params>
            <param index="0">
              <value>
                <![CDATA[{shipping=200.0, url=http://acer.com, name=Acer Swift 3, upc=None, image=https://acer.com, model=Swift 2, price=1200.0, type=Laptop, manufacturer=Acer, description=Acer 15 inch Laptop}]]>
              </value>
            </param>
          </params>
          <reporter-output>
          </reporter-output>
        </test-method> <!-- verifyProductApiProductAddTest -->
        <test-method status="PASS" signature="verifyProductApiProductAddTest(java.util.Hashtable)[pri:0, instance:com.bestby.productapitest.ProductAPIPostTest@69b2283a]" name="verifyProductApiProductAddTest" duration-ms="24" started-at="2020-10-24T13:13:52 IST" data-provider="ProductPayloadData" finished-at="2020-10-24T13:13:52 IST">
          <params>
            <param index="0">
              <value>
                <![CDATA[{shipping=100.0, url=https://oneplus.com, name=Oneplus 8, upc=None, image=https://oneplus.com, model=Oneplus 8, price=800.0, type=Smartphone, manufacturer=Oneplus, description=Oneplus 8 smartphone}]]>
              </value>
            </param>
          </params>
          <reporter-output>
          </reporter-output>
        </test-method> <!-- verifyProductApiProductAddTest -->
        <test-method status="PASS" signature="verifyProductApiProductAddTest(java.util.Hashtable)[pri:0, instance:com.bestby.productapitest.ProductAPIPostTest@69b2283a]" name="verifyProductApiProductAddTest" duration-ms="15" started-at="2020-10-24T13:13:52 IST" data-provider="ProductPayloadData" finished-at="2020-10-24T13:13:52 IST">
          <params>
            <param index="0">
              <value>
                <![CDATA[{shipping=100.0, url=http://appple.com, name=Iphone 12, upc=None, image=http://appple.com, model=Iphone 12, price=1200.0, type=Smartphone, manufacturer=Apple, description=Iphone }]]>
              </value>
            </param>
          </params>
          <reporter-output>
          </reporter-output>
        </test-method> <!-- verifyProductApiProductAddTest -->
      </class> <!-- com.bestby.productapitest.ProductAPIPostTest -->
      <class name="com.bestbuy.serviceapitest.ServiceAPIPostTest">
        <test-method status="PASS" signature="verifyServiceApiServiceAddTest(java.util.Hashtable)[pri:0, instance:com.bestbuy.serviceapitest.ServiceAPIPostTest@78b66d36]" name="verifyServiceApiServiceAddTest" duration-ms="1459" started-at="2020-10-24T13:13:42 IST" data-provider="ServicesPayloadData" finished-at="2020-10-24T13:13:44 IST">
          <params>
            <param index="0">
              <value>
                <![CDATA[{name=Repairing}]]>
              </value>
            </param>
          </params>
          <reporter-output>
          </reporter-output>
        </test-method> <!-- verifyServiceApiServiceAddTest -->
        <test-method status="PASS" signature="verifyServiceApiServiceAddTest(java.util.Hashtable)[pri:0, instance:com.bestbuy.serviceapitest.ServiceAPIPostTest@78b66d36]" name="verifyServiceApiServiceAddTest" duration-ms="27" started-at="2020-10-24T13:13:44 IST" data-provider="ServicesPayloadData" finished-at="2020-10-24T13:13:44 IST">
          <params>
            <param index="0">
              <value>
                <![CDATA[{name=Selling}]]>
              </value>
            </param>
          </params>
          <reporter-output>
          </reporter-output>
        </test-method> <!-- verifyServiceApiServiceAddTest -->
      </class> <!-- com.bestbuy.serviceapitest.ServiceAPIPostTest -->
      <class name="com.bestby.productapitest.ProductAPIGetTest">
        <test-method status="PASS" signature="getProductApiResponse()[pri:0, instance:com.bestby.productapitest.ProductAPIGetTest@bef2d72]" name="getProductApiResponse" is-config="true" duration-ms="209" started-at="2020-10-24T13:13:44 IST" finished-at="2020-10-24T13:13:44 IST">
          <reporter-output>
          </reporter-output>
        </test-method> <!-- getProductApiResponse -->
        <test-method status="PASS" signature="verifyCategoriesData(java.util.Hashtable)[pri:0, instance:com.bestby.productapitest.ProductAPIGetTest@bef2d72]" name="verifyCategoriesData" duration-ms="1" started-at="2020-10-24T13:13:44 IST" data-provider="ProductCategoriesData" finished-at="2020-10-24T13:13:44 IST">
          <params>
            <param index="0">
              <value>
                <![CDATA[{categoriesindex=0.0, name=Alkaline Batteries, updatedAt=2016-11-17T17:57:04.285Z, createdAt=2016-11-17T17:57:04.285Z, dataindex=0.0, id=abcat0208002}]]>
              </value>
            </param>
          </params>
          <reporter-output>
          </reporter-output>
        </test-method> <!-- verifyCategoriesData -->
        <test-method status="PASS" signature="getProductApiResponse()[pri:0, instance:com.bestby.productapitest.ProductAPIGetTest@bef2d72]" name="getProductApiResponse" is-config="true" duration-ms="181" started-at="2020-10-24T13:13:44 IST" finished-at="2020-10-24T13:13:44 IST">
          <reporter-output>
          </reporter-output>
        </test-method> <!-- getProductApiResponse -->
        <test-method status="PASS" signature="verifyCategoriesData(java.util.Hashtable)[pri:0, instance:com.bestby.productapitest.ProductAPIGetTest@bef2d72]" name="verifyCategoriesData" duration-ms="2" started-at="2020-10-24T13:13:44 IST" data-provider="ProductCategoriesData" finished-at="2020-10-24T13:13:44 IST">
          <params>
            <param index="0">
              <value>
                <![CDATA[{categoriesindex=1.0, name=Housewares, updatedAt=2016-11-17T17:57:05.399Z, createdAt=2016-11-17T17:57:05.399Z, dataindex=0.0, id=pcmcat248700050021}]]>
              </value>
            </param>
          </params>
          <reporter-output>
          </reporter-output>
        </test-method> <!-- verifyCategoriesData -->
        <test-method status="PASS" signature="getProductApiResponse()[pri:0, instance:com.bestby.productapitest.ProductAPIGetTest@bef2d72]" name="getProductApiResponse" is-config="true" duration-ms="184" started-at="2020-10-24T13:13:44 IST" finished-at="2020-10-24T13:13:44 IST">
          <reporter-output>
          </reporter-output>
        </test-method> <!-- getProductApiResponse -->
        <test-method status="PASS" signature="verifyCategoriesData(java.util.Hashtable)[pri:0, instance:com.bestby.productapitest.ProductAPIGetTest@bef2d72]" name="verifyCategoriesData" duration-ms="1" started-at="2020-10-24T13:13:44 IST" data-provider="ProductCategoriesData" finished-at="2020-10-24T13:13:44 IST">
          <params>
            <param index="0">
              <value>
                <![CDATA[{categoriesindex=2.0, name=Household Batteries, updatedAt=2016-11-17T17:57:04.285Z, createdAt=2016-11-17T17:57:04.285Z, dataindex=0.0, id=pcmcat303600050001}]]>
              </value>
            </param>
          </params>
          <reporter-output>
          </reporter-output>
        </test-method> <!-- verifyCategoriesData -->
        <test-method status="PASS" signature="getProductApiResponse()[pri:0, instance:com.bestby.productapitest.ProductAPIGetTest@bef2d72]" name="getProductApiResponse" is-config="true" duration-ms="166" started-at="2020-10-24T13:13:44 IST" finished-at="2020-10-24T13:13:45 IST">
          <reporter-output>
          </reporter-output>
        </test-method> <!-- getProductApiResponse -->
        <test-method status="PASS" signature="verifyCategoriesData(java.util.Hashtable)[pri:0, instance:com.bestby.productapitest.ProductAPIGetTest@bef2d72]" name="verifyCategoriesData" duration-ms="1" started-at="2020-10-24T13:13:45 IST" data-provider="ProductCategoriesData" finished-at="2020-10-24T13:13:45 IST">
          <params>
            <param index="0">
              <value>
                <![CDATA[{categoriesindex=3.0, name=Connected Home & Housewares, updatedAt=2016-11-17T17:57:04.285Z, createdAt=2016-11-17T17:57:04.285Z, dataindex=0.0, id=pcmcat312300050015}]]>
              </value>
            </param>
          </params>
          <reporter-output>
          </reporter-output>
        </test-method> <!-- verifyCategoriesData -->
        <test-method status="PASS" signature="getProductApiResponse()[pri:0, instance:com.bestby.productapitest.ProductAPIGetTest@bef2d72]" name="getProductApiResponse" is-config="true" duration-ms="159" started-at="2020-10-24T13:13:45 IST" finished-at="2020-10-24T13:13:45 IST">
          <reporter-output>
          </reporter-output>
        </test-method> <!-- getProductApiResponse -->
        <test-method status="PASS" signature="verifyCategoriesData(java.util.Hashtable)[pri:0, instance:com.bestby.productapitest.ProductAPIGetTest@bef2d72]" name="verifyCategoriesData" duration-ms="1" started-at="2020-10-24T13:13:45 IST" data-provider="ProductCategoriesData" finished-at="2020-10-24T13:13:45 IST">
          <params>
            <param index="0">
              <value>
                <![CDATA[{categoriesindex=0.0, name=Alkaline Batteries, updatedAt=2016-11-17T17:57:04.285Z, createdAt=2016-11-17T17:57:04.285Z, dataindex=1.0, id=abcat0208002}]]>
              </value>
            </param>
          </params>
          <reporter-output>
          </reporter-output>
        </test-method> <!-- verifyCategoriesData -->
        <test-method status="PASS" signature="getProductApiResponse()[pri:0, instance:com.bestby.productapitest.ProductAPIGetTest@bef2d72]" name="getProductApiResponse" is-config="true" duration-ms="169" started-at="2020-10-24T13:13:45 IST" finished-at="2020-10-24T13:13:45 IST">
          <reporter-output>
          </reporter-output>
        </test-method> <!-- getProductApiResponse -->
        <test-method status="PASS" signature="verifyCategoriesData(java.util.Hashtable)[pri:0, instance:com.bestby.productapitest.ProductAPIGetTest@bef2d72]" name="verifyCategoriesData" duration-ms="1" started-at="2020-10-24T13:13:45 IST" data-provider="ProductCategoriesData" finished-at="2020-10-24T13:13:45 IST">
          <params>
            <param index="0">
              <value>
                <![CDATA[{categoriesindex=1.0, name=Housewares, updatedAt=2016-11-17T17:57:05.399Z, createdAt=2016-11-17T17:57:05.399Z, dataindex=1.0, id=pcmcat248700050021}]]>
              </value>
            </param>
          </params>
          <reporter-output>
          </reporter-output>
        </test-method> <!-- verifyCategoriesData -->
        <test-method status="PASS" signature="getProductApiResponse()[pri:0, instance:com.bestby.productapitest.ProductAPIGetTest@bef2d72]" name="getProductApiResponse" is-config="true" duration-ms="167" started-at="2020-10-24T13:13:45 IST" finished-at="2020-10-24T13:13:45 IST">
          <reporter-output>
          </reporter-output>
        </test-method> <!-- getProductApiResponse -->
        <test-method status="PASS" signature="verifyCategoriesData(java.util.Hashtable)[pri:0, instance:com.bestby.productapitest.ProductAPIGetTest@bef2d72]" name="verifyCategoriesData" duration-ms="1" started-at="2020-10-24T13:13:45 IST" data-provider="ProductCategoriesData" finished-at="2020-10-24T13:13:45 IST">
          <params>
            <param index="0">
              <value>
                <![CDATA[{categoriesindex=2.0, name=Household Batteries, updatedAt=2016-11-17T17:57:04.285Z, createdAt=2016-11-17T17:57:04.285Z, dataindex=1.0, id=pcmcat303600050001}]]>
              </value>
            </param>
          </params>
          <reporter-output>
          </reporter-output>
        </test-method> <!-- verifyCategoriesData -->
        <test-method status="PASS" signature="getProductApiResponse()[pri:0, instance:com.bestby.productapitest.ProductAPIGetTest@bef2d72]" name="getProductApiResponse" is-config="true" duration-ms="163" started-at="2020-10-24T13:13:45 IST" finished-at="2020-10-24T13:13:45 IST">
          <reporter-output>
          </reporter-output>
        </test-method> <!-- getProductApiResponse -->
        <test-method status="PASS" signature="verifyCategoriesData(java.util.Hashtable)[pri:0, instance:com.bestby.productapitest.ProductAPIGetTest@bef2d72]" name="verifyCategoriesData" duration-ms="0" started-at="2020-10-24T13:13:45 IST" data-provider="ProductCategoriesData" finished-at="2020-10-24T13:13:45 IST">
          <params>
            <param index="0">
              <value>
                <![CDATA[{categoriesindex=3.0, name=Connected Home & Housewares, updatedAt=2016-11-17T17:57:04.285Z, createdAt=2016-11-17T17:57:04.285Z, dataindex=1.0, id=pcmcat312300050015}]]>
              </value>
            </param>
          </params>
          <reporter-output>
          </reporter-output>
        </test-method> <!-- verifyCategoriesData -->
        <test-method status="PASS" signature="getProductApiResponse()[pri:0, instance:com.bestby.productapitest.ProductAPIGetTest@bef2d72]" name="getProductApiResponse" is-config="true" duration-ms="165" started-at="2020-10-24T13:13:45 IST" finished-at="2020-10-24T13:13:45 IST">
          <reporter-output>
          </reporter-output>
        </test-method> <!-- getProductApiResponse -->
        <test-method status="PASS" signature="verifyCategoriesData(java.util.Hashtable)[pri:0, instance:com.bestby.productapitest.ProductAPIGetTest@bef2d72]" name="verifyCategoriesData" duration-ms="1" started-at="2020-10-24T13:13:45 IST" data-provider="ProductCategoriesData" finished-at="2020-10-24T13:13:45 IST">
          <params>
            <param index="0">
              <value>
                <![CDATA[{categoriesindex=0.0, name=Alkaline Batteries, updatedAt=2016-11-17T17:57:04.285Z, createdAt=2016-11-17T17:57:04.285Z, dataindex=2.0, id=abcat0208002}]]>
              </value>
            </param>
          </params>
          <reporter-output>
          </reporter-output>
        </test-method> <!-- verifyCategoriesData -->
        <test-method status="PASS" signature="getProductApiResponse()[pri:0, instance:com.bestby.productapitest.ProductAPIGetTest@bef2d72]" name="getProductApiResponse" is-config="true" duration-ms="168" started-at="2020-10-24T13:13:45 IST" finished-at="2020-10-24T13:13:46 IST">
          <reporter-output>
          </reporter-output>
        </test-method> <!-- getProductApiResponse -->
        <test-method status="PASS" signature="verifyCategoriesData(java.util.Hashtable)[pri:0, instance:com.bestby.productapitest.ProductAPIGetTest@bef2d72]" name="verifyCategoriesData" duration-ms="1" started-at="2020-10-24T13:13:46 IST" data-provider="ProductCategoriesData" finished-at="2020-10-24T13:13:46 IST">
          <params>
            <param index="0">
              <value>
                <![CDATA[{categoriesindex=1.0, name=Housewares, updatedAt=2016-11-17T17:57:05.399Z, createdAt=2016-11-17T17:57:05.399Z, dataindex=2.0, id=pcmcat248700050021}]]>
              </value>
            </param>
          </params>
          <reporter-output>
          </reporter-output>
        </test-method> <!-- verifyCategoriesData -->
        <test-method status="PASS" signature="getProductApiResponse()[pri:0, instance:com.bestby.productapitest.ProductAPIGetTest@bef2d72]" name="getProductApiResponse" is-config="true" duration-ms="166" started-at="2020-10-24T13:13:46 IST" finished-at="2020-10-24T13:13:46 IST">
          <reporter-output>
          </reporter-output>
        </test-method> <!-- getProductApiResponse -->
        <test-method status="PASS" signature="verifyCategoriesData(java.util.Hashtable)[pri:0, instance:com.bestby.productapitest.ProductAPIGetTest@bef2d72]" name="verifyCategoriesData" duration-ms="2" started-at="2020-10-24T13:13:46 IST" data-provider="ProductCategoriesData" finished-at="2020-10-24T13:13:46 IST">
          <params>
            <param index="0">
              <value>
                <![CDATA[{categoriesindex=2.0, name=Household Batteries, updatedAt=2016-11-17T17:57:04.285Z, createdAt=2016-11-17T17:57:04.285Z, dataindex=2.0, id=pcmcat303600050001}]]>
              </value>
            </param>
          </params>
          <reporter-output>
          </reporter-output>
        </test-method> <!-- verifyCategoriesData -->
        <test-method status="PASS" signature="getProductApiResponse()[pri:0, instance:com.bestby.productapitest.ProductAPIGetTest@bef2d72]" name="getProductApiResponse" is-config="true" duration-ms="172" started-at="2020-10-24T13:13:46 IST" finished-at="2020-10-24T13:13:46 IST">
          <reporter-output>
          </reporter-output>
        </test-method> <!-- getProductApiResponse -->
        <test-method status="PASS" signature="verifyCategoriesData(java.util.Hashtable)[pri:0, instance:com.bestby.productapitest.ProductAPIGetTest@bef2d72]" name="verifyCategoriesData" duration-ms="1" started-at="2020-10-24T13:13:46 IST" data-provider="ProductCategoriesData" finished-at="2020-10-24T13:13:46 IST">
          <params>
            <param index="0">
              <value>
                <![CDATA[{categoriesindex=3.0, name=Connected Home & Housewares, updatedAt=2016-11-17T17:57:04.285Z, createdAt=2016-11-17T17:57:04.285Z, dataindex=2.0, id=pcmcat312300050015}]]>
              </value>
            </param>
          </params>
          <reporter-output>
          </reporter-output>
        </test-method> <!-- verifyCategoriesData -->
        <test-method status="PASS" signature="getProductApiResponse()[pri:0, instance:com.bestby.productapitest.ProductAPIGetTest@bef2d72]" name="getProductApiResponse" is-config="true" duration-ms="160" started-at="2020-10-24T13:13:46 IST" finished-at="2020-10-24T13:13:46 IST">
          <reporter-output>
          </reporter-output>
        </test-method> <!-- getProductApiResponse -->
        <test-method status="PASS" signature="verifyCategoriesData(java.util.Hashtable)[pri:0, instance:com.bestby.productapitest.ProductAPIGetTest@bef2d72]" name="verifyCategoriesData" duration-ms="1" started-at="2020-10-24T13:13:46 IST" data-provider="ProductCategoriesData" finished-at="2020-10-24T13:13:46 IST">
          <params>
            <param index="0">
              <value>
                <![CDATA[{categoriesindex=0.0, name=Alkaline Batteries, updatedAt=2016-11-17T17:57:04.285Z, createdAt=2016-11-17T17:57:04.285Z, dataindex=3.0, id=abcat0208002}]]>
              </value>
            </param>
          </params>
          <reporter-output>
          </reporter-output>
        </test-method> <!-- verifyCategoriesData -->
        <test-method status="PASS" signature="getProductApiResponse()[pri:0, instance:com.bestby.productapitest.ProductAPIGetTest@bef2d72]" name="getProductApiResponse" is-config="true" duration-ms="161" started-at="2020-10-24T13:13:46 IST" finished-at="2020-10-24T13:13:46 IST">
          <reporter-output>
          </reporter-output>
        </test-method> <!-- getProductApiResponse -->
        <test-method status="PASS" signature="verifyCategoriesData(java.util.Hashtable)[pri:0, instance:com.bestby.productapitest.ProductAPIGetTest@bef2d72]" name="verifyCategoriesData" duration-ms="1" started-at="2020-10-24T13:13:46 IST" data-provider="ProductCategoriesData" finished-at="2020-10-24T13:13:46 IST">
          <params>
            <param index="0">
              <value>
                <![CDATA[{categoriesindex=1.0, name=Housewares, updatedAt=2016-11-17T17:57:05.399Z, createdAt=2016-11-17T17:57:05.399Z, dataindex=3.0, id=pcmcat248700050021}]]>
              </value>
            </param>
          </params>
          <reporter-output>
          </reporter-output>
        </test-method> <!-- verifyCategoriesData -->
        <test-method status="PASS" signature="getProductApiResponse()[pri:0, instance:com.bestby.productapitest.ProductAPIGetTest@bef2d72]" name="getProductApiResponse" is-config="true" duration-ms="162" started-at="2020-10-24T13:13:46 IST" finished-at="2020-10-24T13:13:46 IST">
          <reporter-output>
          </reporter-output>
        </test-method> <!-- getProductApiResponse -->
        <test-method status="PASS" signature="verifyCategoriesData(java.util.Hashtable)[pri:0, instance:com.bestby.productapitest.ProductAPIGetTest@bef2d72]" name="verifyCategoriesData" duration-ms="1" started-at="2020-10-24T13:13:46 IST" data-provider="ProductCategoriesData" finished-at="2020-10-24T13:13:46 IST">
          <params>
            <param index="0">
              <value>
                <![CDATA[{categoriesindex=2.0, name=Household Batteries, updatedAt=2016-11-17T17:57:04.285Z, createdAt=2016-11-17T17:57:04.285Z, dataindex=3.0, id=pcmcat303600050001}]]>
              </value>
            </param>
          </params>
          <reporter-output>
          </reporter-output>
        </test-method> <!-- verifyCategoriesData -->
        <test-method status="PASS" signature="getProductApiResponse()[pri:0, instance:com.bestby.productapitest.ProductAPIGetTest@bef2d72]" name="getProductApiResponse" is-config="true" duration-ms="158" started-at="2020-10-24T13:13:46 IST" finished-at="2020-10-24T13:13:47 IST">
          <reporter-output>
          </reporter-output>
        </test-method> <!-- getProductApiResponse -->
        <test-method status="PASS" signature="verifyCategoriesData(java.util.Hashtable)[pri:0, instance:com.bestby.productapitest.ProductAPIGetTest@bef2d72]" name="verifyCategoriesData" duration-ms="2" started-at="2020-10-24T13:13:47 IST" data-provider="ProductCategoriesData" finished-at="2020-10-24T13:13:47 IST">
          <params>
            <param index="0">
              <value>
                <![CDATA[{categoriesindex=3.0, name=Connected Home & Housewares, updatedAt=2016-11-17T17:57:04.285Z, createdAt=2016-11-17T17:57:04.285Z, dataindex=3.0, id=pcmcat312300050015}]]>
              </value>
            </param>
          </params>
          <reporter-output>
          </reporter-output>
        </test-method> <!-- verifyCategoriesData -->
        <test-method status="PASS" signature="getProductApiResponse()[pri:0, instance:com.bestby.productapitest.ProductAPIGetTest@bef2d72]" name="getProductApiResponse" is-config="true" duration-ms="162" started-at="2020-10-24T13:13:47 IST" finished-at="2020-10-24T13:13:47 IST">
          <reporter-output>
          </reporter-output>
        </test-method> <!-- getProductApiResponse -->
        <test-method status="PASS" signature="verifyCategoriesData(java.util.Hashtable)[pri:0, instance:com.bestby.productapitest.ProductAPIGetTest@bef2d72]" name="verifyCategoriesData" duration-ms="1" started-at="2020-10-24T13:13:47 IST" data-provider="ProductCategoriesData" finished-at="2020-10-24T13:13:47 IST">
          <params>
            <param index="0">
              <value>
                <![CDATA[{categoriesindex=0.0, name=Alkaline Batteries, updatedAt=2016-11-17T17:57:04.285Z, createdAt=2016-11-17T17:57:04.285Z, dataindex=4.0, id=abcat0208002}]]>
              </value>
            </param>
          </params>
          <reporter-output>
          </reporter-output>
        </test-method> <!-- verifyCategoriesData -->
        <test-method status="PASS" signature="getProductApiResponse()[pri:0, instance:com.bestby.productapitest.ProductAPIGetTest@bef2d72]" name="getProductApiResponse" is-config="true" duration-ms="158" started-at="2020-10-24T13:13:47 IST" finished-at="2020-10-24T13:13:47 IST">
          <reporter-output>
          </reporter-output>
        </test-method> <!-- getProductApiResponse -->
        <test-method status="PASS" signature="verifyCategoriesData(java.util.Hashtable)[pri:0, instance:com.bestby.productapitest.ProductAPIGetTest@bef2d72]" name="verifyCategoriesData" duration-ms="1" started-at="2020-10-24T13:13:47 IST" data-provider="ProductCategoriesData" finished-at="2020-10-24T13:13:47 IST">
          <params>
            <param index="0">
              <value>
                <![CDATA[{categoriesindex=1.0, name=Housewares, updatedAt=2016-11-17T17:57:05.399Z, createdAt=2016-11-17T17:57:05.399Z, dataindex=4.0, id=pcmcat248700050021}]]>
              </value>
            </param>
          </params>
          <reporter-output>
          </reporter-output>
        </test-method> <!-- verifyCategoriesData -->
        <test-method status="PASS" signature="getProductApiResponse()[pri:0, instance:com.bestby.productapitest.ProductAPIGetTest@bef2d72]" name="getProductApiResponse" is-config="true" duration-ms="161" started-at="2020-10-24T13:13:47 IST" finished-at="2020-10-24T13:13:47 IST">
          <reporter-output>
          </reporter-output>
        </test-method> <!-- getProductApiResponse -->
        <test-method status="PASS" signature="verifyCategoriesData(java.util.Hashtable)[pri:0, instance:com.bestby.productapitest.ProductAPIGetTest@bef2d72]" name="verifyCategoriesData" duration-ms="1" started-at="2020-10-24T13:13:47 IST" data-provider="ProductCategoriesData" finished-at="2020-10-24T13:13:47 IST">
          <params>
            <param index="0">
              <value>
                <![CDATA[{categoriesindex=2.0, name=Household Batteries, updatedAt=2016-11-17T17:57:04.285Z, createdAt=2016-11-17T17:57:04.285Z, dataindex=4.0, id=pcmcat303600050001}]]>
              </value>
            </param>
          </params>
          <reporter-output>
          </reporter-output>
        </test-method> <!-- verifyCategoriesData -->
        <test-method status="PASS" signature="getProductApiResponse()[pri:0, instance:com.bestby.productapitest.ProductAPIGetTest@bef2d72]" name="getProductApiResponse" is-config="true" duration-ms="171" started-at="2020-10-24T13:13:47 IST" finished-at="2020-10-24T13:13:47 IST">
          <reporter-output>
          </reporter-output>
        </test-method> <!-- getProductApiResponse -->
        <test-method status="PASS" signature="verifyCategoriesData(java.util.Hashtable)[pri:0, instance:com.bestby.productapitest.ProductAPIGetTest@bef2d72]" name="verifyCategoriesData" duration-ms="1" started-at="2020-10-24T13:13:47 IST" data-provider="ProductCategoriesData" finished-at="2020-10-24T13:13:47 IST">
          <params>
            <param index="0">
              <value>
                <![CDATA[{categoriesindex=3.0, name=Connected Home & Housewares, updatedAt=2016-11-17T17:57:04.285Z, createdAt=2016-11-17T17:57:04.285Z, dataindex=4.0, id=pcmcat312300050015}]]>
              </value>
            </param>
          </params>
          <reporter-output>
          </reporter-output>
        </test-method> <!-- verifyCategoriesData -->
        <test-method status="PASS" signature="getProductApiResponse()[pri:0, instance:com.bestby.productapitest.ProductAPIGetTest@bef2d72]" name="getProductApiResponse" is-config="true" duration-ms="161" started-at="2020-10-24T13:13:47 IST" finished-at="2020-10-24T13:13:47 IST">
          <reporter-output>
          </reporter-output>
        </test-method> <!-- getProductApiResponse -->
        <test-method status="PASS" signature="getProductApiResponse()[pri:0, instance:com.bestby.productapitest.ProductAPIGetTest@bef2d72]" name="getProductApiResponse" is-config="true" duration-ms="159" started-at="2020-10-24T13:13:47 IST" finished-at="2020-10-24T13:13:48 IST">
          <reporter-output>
          </reporter-output>
        </test-method> <!-- getProductApiResponse -->
        <test-method status="PASS" signature="verifyCategoriesData(java.util.Hashtable)[pri:0, instance:com.bestby.productapitest.ProductAPIGetTest@bef2d72]" name="verifyCategoriesData" duration-ms="0" started-at="2020-10-24T13:13:47 IST" data-provider="ProductCategoriesData" finished-at="2020-10-24T13:13:47 IST">
          <params>
            <param index="0">
              <value>
                <![CDATA[{categoriesindex=0.0, name=Car Electronics & GPS, updatedAt=2016-11-17T17:57:04.285Z, createdAt=2016-11-17T17:57:04.285Z, dataindex=5.0, id=abcat0300000}]]>
              </value>
            </param>
          </params>
          <reporter-output>
          </reporter-output>
        </test-method> <!-- verifyCategoriesData -->
        <test-method status="PASS" signature="verifyCategoriesData(java.util.Hashtable)[pri:0, instance:com.bestby.productapitest.ProductAPIGetTest@bef2d72]" name="verifyCategoriesData" duration-ms="1" started-at="2020-10-24T13:13:48 IST" data-provider="ProductCategoriesData" finished-at="2020-10-24T13:13:48 IST">
          <params>
            <param index="0">
              <value>
                <![CDATA[{categoriesindex=1.0, name=Car Audio, updatedAt=2016-11-17T17:57:04.285Z, createdAt=2016-11-17T17:57:04.285Z, dataindex=5.0, id=abcat0302000}]]>
              </value>
            </param>
          </params>
          <reporter-output>
          </reporter-output>
        </test-method> <!-- verifyCategoriesData -->
        <test-method status="PASS" signature="getProductApiResponse()[pri:0, instance:com.bestby.productapitest.ProductAPIGetTest@bef2d72]" name="getProductApiResponse" is-config="true" duration-ms="157" started-at="2020-10-24T13:13:48 IST" finished-at="2020-10-24T13:13:48 IST">
          <reporter-output>
          </reporter-output>
        </test-method> <!-- getProductApiResponse -->
        <test-method status="PASS" signature="verifyCategoriesData(java.util.Hashtable)[pri:0, instance:com.bestby.productapitest.ProductAPIGetTest@bef2d72]" name="verifyCategoriesData" duration-ms="1" started-at="2020-10-24T13:13:48 IST" data-provider="ProductCategoriesData" finished-at="2020-10-24T13:13:48 IST">
          <params>
            <param index="0">
              <value>
                <![CDATA[{categoriesindex=2.0, name=Car Speakers, updatedAt=2016-11-17T17:57:04.285Z, createdAt=2016-11-17T17:57:04.285Z, dataindex=5.0, id=abcat0302005}]]>
              </value>
            </param>
          </params>
          <reporter-output>
          </reporter-output>
        </test-method> <!-- verifyCategoriesData -->
        <test-method status="PASS" signature="getProductApiResponse()[pri:0, instance:com.bestby.productapitest.ProductAPIGetTest@bef2d72]" name="getProductApiResponse" is-config="true" duration-ms="156" started-at="2020-10-24T13:13:48 IST" finished-at="2020-10-24T13:13:48 IST">
          <reporter-output>
          </reporter-output>
        </test-method> <!-- getProductApiResponse -->
        <test-method status="PASS" signature="verifyCategoriesData(java.util.Hashtable)[pri:0, instance:com.bestby.productapitest.ProductAPIGetTest@bef2d72]" name="verifyCategoriesData" duration-ms="0" started-at="2020-10-24T13:13:48 IST" data-provider="ProductCategoriesData" finished-at="2020-10-24T13:13:48 IST">
          <params>
            <param index="0">
              <value>
                <![CDATA[{categoriesindex=3.0, name=4" Car Speakers, updatedAt=2016-11-17T17:57:04.643Z, createdAt=2016-11-17T17:57:04.643Z, dataindex=5.0, id=pcmcat360500050015}]]>
              </value>
            </param>
          </params>
          <reporter-output>
          </reporter-output>
        </test-method> <!-- verifyCategoriesData -->
        <test-method status="PASS" signature="getProductApiResponse()[pri:0, instance:com.bestby.productapitest.ProductAPIGetTest@bef2d72]" name="getProductApiResponse" is-config="true" duration-ms="160" started-at="2020-10-24T13:13:48 IST" finished-at="2020-10-24T13:13:48 IST">
          <reporter-output>
          </reporter-output>
        </test-method> <!-- getProductApiResponse -->
        <test-method status="PASS" signature="verifyCategoriesData(java.util.Hashtable)[pri:0, instance:com.bestby.productapitest.ProductAPIGetTest@bef2d72]" name="verifyCategoriesData" duration-ms="1" started-at="2020-10-24T13:13:48 IST" data-provider="ProductCategoriesData" finished-at="2020-10-24T13:13:48 IST">
          <params>
            <param index="0">
              <value>
                <![CDATA[{categoriesindex=0.0, name=Alkaline Batteries, updatedAt=2016-11-17T17:57:04.285Z, createdAt=2016-11-17T17:57:04.285Z, dataindex=6.0, id=abcat0208002}]]>
              </value>
            </param>
          </params>
          <reporter-output>
          </reporter-output>
        </test-method> <!-- verifyCategoriesData -->
        <test-method status="PASS" signature="getProductApiResponse()[pri:0, instance:com.bestby.productapitest.ProductAPIGetTest@bef2d72]" name="getProductApiResponse" is-config="true" duration-ms="156" started-at="2020-10-24T13:13:48 IST" finished-at="2020-10-24T13:13:48 IST">
          <reporter-output>
          </reporter-output>
        </test-method> <!-- getProductApiResponse -->
        <test-method status="PASS" signature="verifyCategoriesData(java.util.Hashtable)[pri:0, instance:com.bestby.productapitest.ProductAPIGetTest@bef2d72]" name="verifyCategoriesData" duration-ms="1" started-at="2020-10-24T13:13:48 IST" data-provider="ProductCategoriesData" finished-at="2020-10-24T13:13:48 IST">
          <params>
            <param index="0">
              <value>
                <![CDATA[{categoriesindex=1.0, name=Housewares, updatedAt=2016-11-17T17:57:05.399Z, createdAt=2016-11-17T17:57:05.399Z, dataindex=6.0, id=pcmcat248700050021}]]>
              </value>
            </param>
          </params>
          <reporter-output>
          </reporter-output>
        </test-method> <!-- verifyCategoriesData -->
        <test-method status="PASS" signature="getProductApiResponse()[pri:0, instance:com.bestby.productapitest.ProductAPIGetTest@bef2d72]" name="getProductApiResponse" is-config="true" duration-ms="159" started-at="2020-10-24T13:13:48 IST" finished-at="2020-10-24T13:13:48 IST">
          <reporter-output>
          </reporter-output>
        </test-method> <!-- getProductApiResponse -->
        <test-method status="PASS" signature="verifyCategoriesData(java.util.Hashtable)[pri:0, instance:com.bestby.productapitest.ProductAPIGetTest@bef2d72]" name="verifyCategoriesData" duration-ms="1" started-at="2020-10-24T13:13:48 IST" data-provider="ProductCategoriesData" finished-at="2020-10-24T13:13:48 IST">
          <params>
            <param index="0">
              <value>
                <![CDATA[{categoriesindex=2.0, name=Household Batteries, updatedAt=2016-11-17T17:57:04.285Z, createdAt=2016-11-17T17:57:04.285Z, dataindex=6.0, id=pcmcat303600050001}]]>
              </value>
            </param>
          </params>
          <reporter-output>
          </reporter-output>
        </test-method> <!-- verifyCategoriesData -->
        <test-method status="PASS" signature="getProductApiResponse()[pri:0, instance:com.bestby.productapitest.ProductAPIGetTest@bef2d72]" name="getProductApiResponse" is-config="true" duration-ms="167" started-at="2020-10-24T13:13:48 IST" finished-at="2020-10-24T13:13:48 IST">
          <reporter-output>
          </reporter-output>
        </test-method> <!-- getProductApiResponse -->
        <test-method status="PASS" signature="verifyCategoriesData(java.util.Hashtable)[pri:0, instance:com.bestby.productapitest.ProductAPIGetTest@bef2d72]" name="verifyCategoriesData" duration-ms="0" started-at="2020-10-24T13:13:48 IST" data-provider="ProductCategoriesData" finished-at="2020-10-24T13:13:48 IST">
          <params>
            <param index="0">
              <value>
                <![CDATA[{categoriesindex=3.0, name=Connected Home & Housewares, updatedAt=2016-11-17T17:57:04.285Z, createdAt=2016-11-17T17:57:04.285Z, dataindex=6.0, id=pcmcat312300050015}]]>
              </value>
            </param>
          </params>
          <reporter-output>
          </reporter-output>
        </test-method> <!-- verifyCategoriesData -->
        <test-method status="PASS" signature="getProductApiResponse()[pri:0, instance:com.bestby.productapitest.ProductAPIGetTest@bef2d72]" name="getProductApiResponse" is-config="true" duration-ms="158" started-at="2020-10-24T13:13:48 IST" finished-at="2020-10-24T13:13:49 IST">
          <reporter-output>
          </reporter-output>
        </test-method> <!-- getProductApiResponse -->
        <test-method status="PASS" signature="verifyCategoriesData(java.util.Hashtable)[pri:0, instance:com.bestby.productapitest.ProductAPIGetTest@bef2d72]" name="verifyCategoriesData" duration-ms="1" started-at="2020-10-24T13:13:49 IST" data-provider="ProductCategoriesData" finished-at="2020-10-24T13:13:49 IST">
          <params>
            <param index="0">
              <value>
                <![CDATA[{categoriesindex=0.0, name=Specialty Batteries, updatedAt=2016-11-17T17:57:04.285Z, createdAt=2016-11-17T17:57:04.285Z, dataindex=7.0, id=abcat0208006}]]>
              </value>
            </param>
          </params>
          <reporter-output>
          </reporter-output>
        </test-method> <!-- verifyCategoriesData -->
        <test-method status="PASS" signature="getProductApiResponse()[pri:0, instance:com.bestby.productapitest.ProductAPIGetTest@bef2d72]" name="getProductApiResponse" is-config="true" duration-ms="158" started-at="2020-10-24T13:13:49 IST" finished-at="2020-10-24T13:13:49 IST">
          <reporter-output>
          </reporter-output>
        </test-method> <!-- getProductApiResponse -->
        <test-method status="PASS" signature="verifyCategoriesData(java.util.Hashtable)[pri:0, instance:com.bestby.productapitest.ProductAPIGetTest@bef2d72]" name="verifyCategoriesData" duration-ms="1" started-at="2020-10-24T13:13:49 IST" data-provider="ProductCategoriesData" finished-at="2020-10-24T13:13:49 IST">
          <params>
            <param index="0">
              <value>
                <![CDATA[{categoriesindex=1.0, name=Housewares, updatedAt=2016-11-17T17:57:05.399Z, createdAt=2016-11-17T17:57:05.399Z, dataindex=7.0, id=pcmcat248700050021}]]>
              </value>
            </param>
          </params>
          <reporter-output>
          </reporter-output>
        </test-method> <!-- verifyCategoriesData -->
        <test-method status="PASS" signature="getProductApiResponse()[pri:0, instance:com.bestby.productapitest.ProductAPIGetTest@bef2d72]" name="getProductApiResponse" is-config="true" duration-ms="162" started-at="2020-10-24T13:13:49 IST" finished-at="2020-10-24T13:13:49 IST">
          <reporter-output>
          </reporter-output>
        </test-method> <!-- getProductApiResponse -->
        <test-method status="PASS" signature="verifyCategoriesData(java.util.Hashtable)[pri:0, instance:com.bestby.productapitest.ProductAPIGetTest@bef2d72]" name="verifyCategoriesData" duration-ms="0" started-at="2020-10-24T13:13:49 IST" data-provider="ProductCategoriesData" finished-at="2020-10-24T13:13:49 IST">
          <params>
            <param index="0">
              <value>
                <![CDATA[{categoriesindex=2.0, name=Household Batteries, updatedAt=2016-11-17T17:57:04.285Z, createdAt=2016-11-17T17:57:04.285Z, dataindex=7.0, id=pcmcat303600050001}]]>
              </value>
            </param>
          </params>
          <reporter-output>
          </reporter-output>
        </test-method> <!-- verifyCategoriesData -->
        <test-method status="PASS" signature="getProductApiResponse()[pri:0, instance:com.bestby.productapitest.ProductAPIGetTest@bef2d72]" name="getProductApiResponse" is-config="true" duration-ms="152" started-at="2020-10-24T13:13:49 IST" finished-at="2020-10-24T13:13:49 IST">
          <reporter-output>
          </reporter-output>
        </test-method> <!-- getProductApiResponse -->
        <test-method status="PASS" signature="verifyCategoriesData(java.util.Hashtable)[pri:0, instance:com.bestby.productapitest.ProductAPIGetTest@bef2d72]" name="verifyCategoriesData" duration-ms="1" started-at="2020-10-24T13:13:49 IST" data-provider="ProductCategoriesData" finished-at="2020-10-24T13:13:49 IST">
          <params>
            <param index="0">
              <value>
                <![CDATA[{categoriesindex=3.0, name=Connected Home & Housewares, updatedAt=2016-11-17T17:57:04.285Z, createdAt=2016-11-17T17:57:04.285Z, dataindex=7.0, id=pcmcat312300050015}]]>
              </value>
            </param>
          </params>
          <reporter-output>
          </reporter-output>
        </test-method> <!-- verifyCategoriesData -->
        <test-method status="PASS" signature="getProductApiResponse()[pri:0, instance:com.bestby.productapitest.ProductAPIGetTest@bef2d72]" name="getProductApiResponse" is-config="true" duration-ms="158" started-at="2020-10-24T13:13:49 IST" finished-at="2020-10-24T13:13:49 IST">
          <reporter-output>
          </reporter-output>
        </test-method> <!-- getProductApiResponse -->
        <test-method status="PASS" signature="verifyCategoriesData(java.util.Hashtable)[pri:0, instance:com.bestby.productapitest.ProductAPIGetTest@bef2d72]" name="verifyCategoriesData" duration-ms="1" started-at="2020-10-24T13:13:49 IST" data-provider="ProductCategoriesData" finished-at="2020-10-24T13:13:49 IST">
          <params>
            <param index="0">
              <value>
                <![CDATA[{categoriesindex=0.0, name=Car Electronics & GPS, updatedAt=2016-11-17T17:57:04.285Z, createdAt=2016-11-17T17:57:04.285Z, dataindex=8.0, id=abcat0300000}]]>
              </value>
            </param>
          </params>
          <reporter-output>
          </reporter-output>
        </test-method> <!-- verifyCategoriesData -->
        <test-method status="PASS" signature="getProductApiResponse()[pri:0, instance:com.bestby.productapitest.ProductAPIGetTest@bef2d72]" name="getProductApiResponse" is-config="true" duration-ms="157" started-at="2020-10-24T13:13:49 IST" finished-at="2020-10-24T13:13:49 IST">
          <reporter-output>
          </reporter-output>
        </test-method> <!-- getProductApiResponse -->
        <test-method status="PASS" signature="verifyCategoriesData(java.util.Hashtable)[pri:0, instance:com.bestby.productapitest.ProductAPIGetTest@bef2d72]" name="verifyCategoriesData" duration-ms="1" started-at="2020-10-24T13:13:49 IST" data-provider="ProductCategoriesData" finished-at="2020-10-24T13:13:49 IST">
          <params>
            <param index="0">
              <value>
                <![CDATA[{categoriesindex=1.0, name=Car Installation Parts & Accessories, updatedAt=2016-11-17T17:57:05.399Z, createdAt=2016-11-17T17:57:05.399Z, dataindex=8.0, id=pcmcat165900050023}]]>
              </value>
            </param>
          </params>
          <reporter-output>
          </reporter-output>
        </test-method> <!-- verifyCategoriesData -->
        <test-method status="PASS" signature="getProductApiResponse()[pri:0, instance:com.bestby.productapitest.ProductAPIGetTest@bef2d72]" name="getProductApiResponse" is-config="true" duration-ms="159" started-at="2020-10-24T13:13:49 IST" finished-at="2020-10-24T13:13:50 IST">
          <reporter-output>
          </reporter-output>
        </test-method> <!-- getProductApiResponse -->
        <test-method status="PASS" signature="verifyCategoriesData(java.util.Hashtable)[pri:0, instance:com.bestby.productapitest.ProductAPIGetTest@bef2d72]" name="verifyCategoriesData" duration-ms="1" started-at="2020-10-24T13:13:50 IST" data-provider="ProductCategoriesData" finished-at="2020-10-24T13:13:50 IST">
          <params>
            <param index="0">
              <value>
                <![CDATA[{categoriesindex=2.0, name=Deck Installation Parts, updatedAt=2016-11-17T17:57:05.399Z, createdAt=2016-11-17T17:57:05.399Z, dataindex=8.0, id=pcmcat165900050031}]]>
              </value>
            </param>
          </params>
          <reporter-output>
          </reporter-output>
        </test-method> <!-- verifyCategoriesData -->
        <test-method status="PASS" signature="getProductApiResponse()[pri:0, instance:com.bestby.productapitest.ProductAPIGetTest@bef2d72]" name="getProductApiResponse" is-config="true" duration-ms="155" started-at="2020-10-24T13:13:50 IST" finished-at="2020-10-24T13:13:50 IST">
          <reporter-output>
          </reporter-output>
        </test-method> <!-- getProductApiResponse -->
        <test-method status="PASS" signature="verifyCategoriesData(java.util.Hashtable)[pri:0, instance:com.bestby.productapitest.ProductAPIGetTest@bef2d72]" name="verifyCategoriesData" duration-ms="1" started-at="2020-10-24T13:13:50 IST" data-provider="ProductCategoriesData" finished-at="2020-10-24T13:13:50 IST">
          <params>
            <param index="0">
              <value>
                <![CDATA[{categoriesindex=3.0, name=Dash Installation Kits, updatedAt=2016-11-17T17:57:05.399Z, createdAt=2016-11-17T17:57:05.399Z, dataindex=8.0, id=pcmcat165900050033}]]>
              </value>
            </param>
          </params>
          <reporter-output>
          </reporter-output>
        </test-method> <!-- verifyCategoriesData -->
        <test-method status="PASS" signature="getProductApiResponse()[pri:0, instance:com.bestby.productapitest.ProductAPIGetTest@bef2d72]" name="getProductApiResponse" is-config="true" duration-ms="157" started-at="2020-10-24T13:13:50 IST" finished-at="2020-10-24T13:13:50 IST">
          <reporter-output>
          </reporter-output>
        </test-method> <!-- getProductApiResponse -->
        <test-method status="PASS" signature="verifyCategoriesData(java.util.Hashtable)[pri:0, instance:com.bestby.productapitest.ProductAPIGetTest@bef2d72]" name="verifyCategoriesData" duration-ms="1" started-at="2020-10-24T13:13:50 IST" data-provider="ProductCategoriesData" finished-at="2020-10-24T13:13:50 IST">
          <params>
            <param index="0">
              <value>
                <![CDATA[{categoriesindex=4.0, name=Car Audio Installation Parts, updatedAt=2016-11-17T17:57:04.643Z, createdAt=2016-11-17T17:57:04.643Z, dataindex=8.0, id=pcmcat331600050007}]]>
              </value>
            </param>
          </params>
          <reporter-output>
          </reporter-output>
        </test-method> <!-- verifyCategoriesData -->
        <test-method status="PASS" signature="getProductApiResponse()[pri:0, instance:com.bestby.productapitest.ProductAPIGetTest@bef2d72]" name="getProductApiResponse" is-config="true" duration-ms="154" started-at="2020-10-24T13:13:50 IST" finished-at="2020-10-24T13:13:50 IST">
          <reporter-output>
          </reporter-output>
        </test-method> <!-- getProductApiResponse -->
        <test-method status="PASS" signature="verifyCategoriesData(java.util.Hashtable)[pri:0, instance:com.bestby.productapitest.ProductAPIGetTest@bef2d72]" name="verifyCategoriesData" duration-ms="1" started-at="2020-10-24T13:13:50 IST" data-provider="ProductCategoriesData" finished-at="2020-10-24T13:13:50 IST">
          <params>
            <param index="0">
              <value>
                <![CDATA[{categoriesindex=0.0, name=Car Electronics & GPS, updatedAt=2016-11-17T17:57:04.285Z, createdAt=2016-11-17T17:57:04.285Z, dataindex=9.0, id=abcat0300000}]]>
              </value>
            </param>
          </params>
          <reporter-output>
          </reporter-output>
        </test-method> <!-- verifyCategoriesData -->
        <test-method status="PASS" signature="getProductApiResponse()[pri:0, instance:com.bestby.productapitest.ProductAPIGetTest@bef2d72]" name="getProductApiResponse" is-config="true" duration-ms="180" started-at="2020-10-24T13:13:50 IST" finished-at="2020-10-24T13:13:50 IST">
          <reporter-output>
          </reporter-output>
        </test-method> <!-- getProductApiResponse -->
        <test-method status="PASS" signature="verifyCategoriesData(java.util.Hashtable)[pri:0, instance:com.bestby.productapitest.ProductAPIGetTest@bef2d72]" name="verifyCategoriesData" duration-ms="1" started-at="2020-10-24T13:13:50 IST" data-provider="ProductCategoriesData" finished-at="2020-10-24T13:13:50 IST">
          <params>
            <param index="0">
              <value>
                <![CDATA[{categoriesindex=1.0, name=Car Installation Parts & Accessories, updatedAt=2016-11-17T17:57:05.399Z, createdAt=2016-11-17T17:57:05.399Z, dataindex=9.0, id=pcmcat165900050023}]]>
              </value>
            </param>
          </params>
          <reporter-output>
          </reporter-output>
        </test-method> <!-- verifyCategoriesData -->
        <test-method status="PASS" signature="getProductApiResponse()[pri:0, instance:com.bestby.productapitest.ProductAPIGetTest@bef2d72]" name="getProductApiResponse" is-config="true" duration-ms="160" started-at="2020-10-24T13:13:50 IST" finished-at="2020-10-24T13:13:50 IST">
          <reporter-output>
          </reporter-output>
        </test-method> <!-- getProductApiResponse -->
        <test-method status="PASS" signature="verifyCategoriesData(java.util.Hashtable)[pri:0, instance:com.bestby.productapitest.ProductAPIGetTest@bef2d72]" name="verifyCategoriesData" duration-ms="1" started-at="2020-10-24T13:13:50 IST" data-provider="ProductCategoriesData" finished-at="2020-10-24T13:13:50 IST">
          <params>
            <param index="0">
              <value>
                <![CDATA[{categoriesindex=2.0, name=Deck Installation Parts, updatedAt=2016-11-17T17:57:05.399Z, createdAt=2016-11-17T17:57:05.399Z, dataindex=9.0, id=pcmcat165900050031}]]>
              </value>
            </param>
          </params>
          <reporter-output>
          </reporter-output>
        </test-method> <!-- verifyCategoriesData -->
        <test-method status="PASS" signature="getProductApiResponse()[pri:0, instance:com.bestby.productapitest.ProductAPIGetTest@bef2d72]" name="getProductApiResponse" is-config="true" duration-ms="162" started-at="2020-10-24T13:13:50 IST" finished-at="2020-10-24T13:13:51 IST">
          <reporter-output>
          </reporter-output>
        </test-method> <!-- getProductApiResponse -->
        <test-method status="PASS" signature="verifyCategoriesData(java.util.Hashtable)[pri:0, instance:com.bestby.productapitest.ProductAPIGetTest@bef2d72]" name="verifyCategoriesData" duration-ms="0" started-at="2020-10-24T13:13:51 IST" data-provider="ProductCategoriesData" finished-at="2020-10-24T13:13:51 IST">
          <params>
            <param index="0">
              <value>
                <![CDATA[{categoriesindex=3.0, name=Dash Installation Kits, updatedAt=2016-11-17T17:57:05.399Z, createdAt=2016-11-17T17:57:05.399Z, dataindex=9.0, id=pcmcat165900050033}]]>
              </value>
            </param>
          </params>
          <reporter-output>
          </reporter-output>
        </test-method> <!-- verifyCategoriesData -->
        <test-method status="PASS" signature="getProductApiResponse()[pri:0, instance:com.bestby.productapitest.ProductAPIGetTest@bef2d72]" name="getProductApiResponse" is-config="true" duration-ms="152" started-at="2020-10-24T13:13:51 IST" finished-at="2020-10-24T13:13:51 IST">
          <reporter-output>
          </reporter-output>
        </test-method> <!-- getProductApiResponse -->
        <test-method status="PASS" signature="verifyCategoriesData(java.util.Hashtable)[pri:0, instance:com.bestby.productapitest.ProductAPIGetTest@bef2d72]" name="verifyCategoriesData" duration-ms="0" started-at="2020-10-24T13:13:51 IST" data-provider="ProductCategoriesData" finished-at="2020-10-24T13:13:51 IST">
          <params>
            <param index="0">
              <value>
                <![CDATA[{categoriesindex=4.0, name=Car Audio Installation Parts, updatedAt=2016-11-17T17:57:04.643Z, createdAt=2016-11-17T17:57:04.643Z, dataindex=9.0, id=pcmcat331600050007}]]>
              </value>
            </param>
          </params>
          <reporter-output>
          </reporter-output>
        </test-method> <!-- verifyCategoriesData -->
        <test-method status="PASS" signature="getProductApiResponse()[pri:0, instance:com.bestby.productapitest.ProductAPIGetTest@bef2d72]" name="getProductApiResponse" is-config="true" duration-ms="162" started-at="2020-10-24T13:13:51 IST" finished-at="2020-10-24T13:13:51 IST">
          <reporter-output>
          </reporter-output>
        </test-method> <!-- getProductApiResponse -->
        <test-method status="PASS" signature="verifyProductApiResponse(java.util.Hashtable)[pri:0, instance:com.bestby.productapitest.ProductAPIGetTest@bef2d72]" name="verifyProductApiResponse" duration-ms="1" started-at="2020-10-24T13:13:51 IST" data-provider="ProductGetData" finished-at="2020-10-24T13:13:51 IST">
          <params>
            <param index="0">
              <value>
                <![CDATA[{shipping=0.0, name=Duracell - AA 1.5V CopperTop Batteries (4-Pack), id=48530.0, upc=041333415017, image=http://img.bbystatic.com/BestBuy_US/images/products/4853/48530_sa.jpg, url =http://www.bestbuy.com/site/duracell-aa-1-5v-coppertop-batteries-4-pack/48530.p?id=1099385268988&skuId=48530&cmp=RMXCC, price=5.49, index=0.0, type=HardGood, manufacturer=Duracell, description=Long-lasting energy; DURALOCK Power Preserve technology; for toys, clocks, radios, games, remotes, PDAs and more}]]>
              </value>
            </param>
          </params>
          <reporter-output>
          </reporter-output>
        </test-method> <!-- verifyProductApiResponse -->
        <test-method status="PASS" signature="getProductApiResponse()[pri:0, instance:com.bestby.productapitest.ProductAPIGetTest@bef2d72]" name="getProductApiResponse" is-config="true" duration-ms="154" started-at="2020-10-24T13:13:51 IST" finished-at="2020-10-24T13:13:51 IST">
          <reporter-output>
          </reporter-output>
        </test-method> <!-- getProductApiResponse -->
        <test-method status="PASS" signature="verifyProductApiResponse(java.util.Hashtable)[pri:0, instance:com.bestby.productapitest.ProductAPIGetTest@bef2d72]" name="verifyProductApiResponse" duration-ms="0" started-at="2020-10-24T13:13:51 IST" data-provider="ProductGetData" finished-at="2020-10-24T13:13:51 IST">
          <params>
            <param index="0">
              <value>
                <![CDATA[{shipping=0.0, name=Duracell - AA Batteries (8-Pack), id=127687.0, upc=041333825014, image=http://img.bbystatic.com/BestBuy_US/images/products/1276/127687_sa.jpg, url =http://www.bestbuy.com/site/duracell-aa-batteries-8-pack/127687.p?id=1051384045676&skuId=127687&cmp=RMXCC, price=7.49, index=1.0, type=HardGood, manufacturer=Duracell, description=Compatible with select electronic devices; AA size; DURALOCK Power Preserve technology; 8-pack}]]>
              </value>
            </param>
          </params>
          <reporter-output>
          </reporter-output>
        </test-method> <!-- verifyProductApiResponse -->
        <test-method status="PASS" signature="getProductApiResponse()[pri:0, instance:com.bestby.productapitest.ProductAPIGetTest@bef2d72]" name="getProductApiResponse" is-config="true" duration-ms="158" started-at="2020-10-24T13:13:51 IST" finished-at="2020-10-24T13:13:51 IST">
          <reporter-output>
          </reporter-output>
        </test-method> <!-- getProductApiResponse -->
        <test-method status="PASS" signature="verifyProductApiResponse(java.util.Hashtable)[pri:0, instance:com.bestby.productapitest.ProductAPIGetTest@bef2d72]" name="verifyProductApiResponse" duration-ms="1" started-at="2020-10-24T13:13:51 IST" data-provider="ProductGetData" finished-at="2020-10-24T13:13:51 IST">
          <params>
            <param index="0">
              <value>
                <![CDATA[{shipping=0.0, name=Energizer - MAX Batteries AA (4-Pack), id=150115.0, upc=039800011329, image=http://img.bbystatic.com/BestBuy_US/images/products/1501/150115_sa.jpg, url =http://www.bestbuy.com/site/energizer-max-batteries-aa-4-pack/150115.p?id=1051384046217&skuId=150115&cmp=RMXCC, price=4.99, index=2.0, type=HardGood, manufacturer=Energizer, description=4-pack AA alkaline batteries; battery tester included}]]>
              </value>
            </param>
          </params>
          <reporter-output>
          </reporter-output>
        </test-method> <!-- verifyProductApiResponse -->
        <test-method status="PASS" signature="getProductApiResponse()[pri:0, instance:com.bestby.productapitest.ProductAPIGetTest@bef2d72]" name="getProductApiResponse" is-config="true" duration-ms="154" started-at="2020-10-24T13:13:51 IST" finished-at="2020-10-24T13:13:51 IST">
          <reporter-output>
          </reporter-output>
        </test-method> <!-- getProductApiResponse -->
        <test-method status="PASS" signature="verifyProductApiResponse(java.util.Hashtable)[pri:0, instance:com.bestby.productapitest.ProductAPIGetTest@bef2d72]" name="verifyProductApiResponse" duration-ms="0" started-at="2020-10-24T13:13:51 IST" data-provider="ProductGetData" finished-at="2020-10-24T13:13:51 IST">
          <params>
            <param index="0">
              <value>
                <![CDATA[{shipping=0.0, name=Duracell - C Batteries (4-Pack), id=185230.0, upc=041333440019, image=http://img.bbystatic.com/BestBuy_US/images/products/1852/185230_sa.jpg, url =http://www.bestbuy.com/site/duracell-c-batteries-4-pack/185230.p?id=1051384046486&skuId=185230&cmp=RMXCC, price=8.99, index=3.0, type=HardGood, manufacturer=Duracell, description=Compatible with select electronic devices; C size; DURALOCK Power Preserve technology; 4-pack}]]>
              </value>
            </param>
          </params>
          <reporter-output>
          </reporter-output>
        </test-method> <!-- verifyProductApiResponse -->
        <test-method status="PASS" signature="getProductApiResponse()[pri:0, instance:com.bestby.productapitest.ProductAPIGetTest@bef2d72]" name="getProductApiResponse" is-config="true" duration-ms="157" started-at="2020-10-24T13:13:51 IST" finished-at="2020-10-24T13:13:52 IST">
          <reporter-output>
          </reporter-output>
        </test-method> <!-- getProductApiResponse -->
        <test-method status="PASS" signature="verifyProductApiResponse(java.util.Hashtable)[pri:0, instance:com.bestby.productapitest.ProductAPIGetTest@bef2d72]" name="verifyProductApiResponse" duration-ms="0" started-at="2020-10-24T13:13:52 IST" data-provider="ProductGetData" finished-at="2020-10-24T13:13:52 IST">
          <params>
            <param index="0">
              <value>
                <![CDATA[{shipping=0.0, name=Duracell - D Batteries (4-Pack), id=185267.0, upc=041333430010, image=http://img.bbystatic.com/BestBuy_US/images/products/1852/185267_sa.jpg, url =http://www.bestbuy.com/site/duracell-d-batteries-4-pack/185267.p?id=1051384046551&skuId=185267&cmp=RMXCC, price=9.99, index=4.0, type=HardGood, manufacturer=Duracell, description=Compatible with select electronic devices; D size; DURALOCK Power Preserve technology; 4-pack}]]>
              </value>
            </param>
          </params>
          <reporter-output>
          </reporter-output>
        </test-method> <!-- verifyProductApiResponse -->
        <test-method status="PASS" signature="getProductApiResponse()[pri:0, instance:com.bestby.productapitest.ProductAPIGetTest@bef2d72]" name="getProductApiResponse" is-config="true" duration-ms="155" started-at="2020-10-24T13:13:52 IST" finished-at="2020-10-24T13:13:52 IST">
          <reporter-output>
          </reporter-output>
        </test-method> <!-- getProductApiResponse -->
        <test-method status="PASS" signature="verifyProductApiResponse(java.util.Hashtable)[pri:0, instance:com.bestby.productapitest.ProductAPIGetTest@bef2d72]" name="verifyProductApiResponse" duration-ms="1" started-at="2020-10-24T13:13:52 IST" data-provider="ProductGetData" finished-at="2020-10-24T13:13:52 IST">
          <params>
            <param index="0">
              <value>
                <![CDATA[{shipping=0.0, name=Pioneer - 4" 3-Way Surface-Mount Speakers with IMPP Composite Cones (Pair) - Black, id=309062.0, upc=012562165141, image=http://img.bbystatic.com/BestBuy_US/images/products/0309/0309062_sa.jpg, url =http://www.bestbuy.com/site/pioneer-4-3-way-surface-mount-speakers-with-impp-composite-cones-pair-black/309062.p?id=1218643240258&skuId=309062&cmp=RMXCC, price=144.99, index=5.0, type=HardGood, manufacturer=Pioneer, description=80W maximum power (20W RMS); 4" IMPP composite cone woofer; 3/4" horn tweeter}]]>
              </value>
            </param>
          </params>
          <reporter-output>
          </reporter-output>
        </test-method> <!-- verifyProductApiResponse -->
        <test-method status="PASS" signature="getProductApiResponse()[pri:0, instance:com.bestby.productapitest.ProductAPIGetTest@bef2d72]" name="getProductApiResponse" is-config="true" duration-ms="158" started-at="2020-10-24T13:13:52 IST" finished-at="2020-10-24T13:13:52 IST">
          <reporter-output>
          </reporter-output>
        </test-method> <!-- getProductApiResponse -->
        <test-method status="PASS" signature="verifyProductApiResponse(java.util.Hashtable)[pri:0, instance:com.bestby.productapitest.ProductAPIGetTest@bef2d72]" name="verifyProductApiResponse" duration-ms="1" started-at="2020-10-24T13:13:52 IST" data-provider="ProductGetData" finished-at="2020-10-24T13:13:52 IST">
          <params>
            <param index="0">
              <value>
                <![CDATA[{shipping=0.0, name=Duracell - 9V Batteries (2-Pack), id=312290.0, upc=041333216010, image=http://img.bbystatic.com/BestBuy_US/images/products/3122/312290_sa.jpg, url =http://www.bestbuy.com/site/duracell-9v-batteries-2-pack/312290.p?id=1051384050321&skuId=312290&cmp=RMXCC, price=7.99, index=6.0, type=HardGood, manufacturer=Duracell, description=Compatible with select electronic devices; alkaline chemistry; 9V size; DURALOCK Power Preserve technology; 2-pack}]]>
              </value>
            </param>
          </params>
          <reporter-output>
          </reporter-output>
        </test-method> <!-- verifyProductApiResponse -->
        <test-method status="PASS" signature="getProductApiResponse()[pri:0, instance:com.bestby.productapitest.ProductAPIGetTest@bef2d72]" name="getProductApiResponse" is-config="true" duration-ms="153" started-at="2020-10-24T13:13:52 IST" finished-at="2020-10-24T13:13:52 IST">
          <reporter-output>
          </reporter-output>
        </test-method> <!-- getProductApiResponse -->
        <test-method status="PASS" signature="verifyProductApiResponse(java.util.Hashtable)[pri:0, instance:com.bestby.productapitest.ProductAPIGetTest@bef2d72]" name="verifyProductApiResponse" duration-ms="1" started-at="2020-10-24T13:13:52 IST" data-provider="ProductGetData" finished-at="2020-10-24T13:13:52 IST">
          <params>
            <param index="0">
              <value>
                <![CDATA[{shipping=0.0, name=Energizer - N Cell E90 Batteries (2-Pack), id=333179.0, upc=039800013200, image=http://img.bbystatic.com/BestBuy_US/images/products/3331/333179_sa.jpg, url =http://www.bestbuy.com/site/energizer-n-cell-e90-batteries-2-pack/333179.p?id=1185268509951&skuId=333179&cmp=RMXCC, price=5.99, index=7.0, type=HardGood, manufacturer=Energizer, description=Alkaline batteries; 1.5V}]]>
              </value>
            </param>
          </params>
          <reporter-output>
          </reporter-output>
        </test-method> <!-- verifyProductApiResponse -->
        <test-method status="PASS" signature="getProductApiResponse()[pri:0, instance:com.bestby.productapitest.ProductAPIGetTest@bef2d72]" name="getProductApiResponse" is-config="true" duration-ms="158" started-at="2020-10-24T13:13:52 IST" finished-at="2020-10-24T13:13:52 IST">
          <reporter-output>
          </reporter-output>
        </test-method> <!-- getProductApiResponse -->
        <test-method status="PASS" signature="verifyProductApiResponse(java.util.Hashtable)[pri:0, instance:com.bestby.productapitest.ProductAPIGetTest@bef2d72]" name="verifyProductApiResponse" duration-ms="1" started-at="2020-10-24T13:13:52 IST" data-provider="ProductGetData" finished-at="2020-10-24T13:13:52 IST">
          <params>
            <param index="0">
              <value>
                <![CDATA[{shipping=0.0, name=Metra - Radio Installation Dash Kit for Most 1989-2000 Ford, Lincoln & Mercury Vehicles - Black, id=347575.0, upc=086429002757, image=http://img.bbystatic.com/BestBuy_US/images/products/3465/346575_rc.jpg, url =http://www.bestbuy.com/site/metra-radio-installation-dash-kit-for-most-1989-2000-ford-lincoln-mercury-vehicles-black/346575.p?id=1218118704590&skuId=346575&cmp=RMXCC, price=16.99, index=8.0, type=HardGood, manufacturer=Metra, description=From our expanded online assortment; compatible with most 1989-2000 Ford, Lincoln and Mercury vehicles; snap-in TurboKit offers fast installation; spacer/trim ring; rear support bracket}]]>
              </value>
            </param>
          </params>
          <reporter-output>
          </reporter-output>
        </test-method> <!-- verifyProductApiResponse -->
        <test-method status="PASS" signature="getProductApiResponse()[pri:0, instance:com.bestby.productapitest.ProductAPIGetTest@bef2d72]" name="getProductApiResponse" is-config="true" duration-ms="155" started-at="2020-10-24T13:13:52 IST" finished-at="2020-10-24T13:13:52 IST">
          <reporter-output>
          </reporter-output>
        </test-method> <!-- getProductApiResponse -->
        <test-method status="PASS" signature="verifyProductApiResponse(java.util.Hashtable)[pri:0, instance:com.bestby.productapitest.ProductAPIGetTest@bef2d72]" name="verifyProductApiResponse" duration-ms="0" started-at="2020-10-24T13:13:52 IST" data-provider="ProductGetData" finished-at="2020-10-24T13:13:52 IST">
          <params>
            <param index="0">
              <value>
                <![CDATA[{shipping=0.0, name=Metra - Radio Dash Multikit for Select GM Vehicles - Black, id=346646.0, upc=086429003273, image=http://img.bbystatic.com/BestBuy_US/images/products/3466/346646_rc.jpg, url =http://www.bestbuy.com/site/metra-radio-dash-multikit-for-select-gm-vehicles-black/346646.p?id=1210376657731&skuId=346646&cmp=RMXCC, price=16.99, index=9.0, type=HardGood, manufacturer=Metra, description=From our expanded online assortment; compatible with select GM vehicles; plastic material}]]>
              </value>
            </param>
          </params>
          <reporter-output>
          </reporter-output>
        </test-method> <!-- verifyProductApiResponse -->
      </class> <!-- com.bestby.productapitest.ProductAPIGetTest -->
      <class name="com.bestbuy.storesapitest.StoresAPIPostTest">
        <test-method status="PASS" signature="verifyStoresApiStoresAddTest(java.util.Hashtable)[pri:0, instance:com.bestbuy.storesapitest.StoresAPIPostTest@5223e5ee]" name="verifyStoresApiStoresAddTest" duration-ms="27" started-at="2020-10-24T13:13:44 IST" data-provider="StoresPayloadData" finished-at="2020-10-24T13:13:44 IST">
          <params>
            <param index="0">
              <value>
                <![CDATA[{state=Uttar Pradesh, address2=Sec 62 Noida, name=Xiomi Store, zip=201206.0, serviceType=Sale, city=Noida, lat=102.0, type=Smartphone, lng=105.0, hours=9 to 5, services=Smartphone, address=Sec 45 Noida}]]>
              </value>
            </param>
          </params>
          <reporter-output>
          </reporter-output>
        </test-method> <!-- verifyStoresApiStoresAddTest -->
        <test-method status="PASS" signature="verifyStoresApiStoresAddTest(java.util.Hashtable)[pri:0, instance:com.bestbuy.storesapitest.StoresAPIPostTest@5223e5ee]" name="verifyStoresApiStoresAddTest" duration-ms="25" started-at="2020-10-24T13:13:44 IST" data-provider="StoresPayloadData" finished-at="2020-10-24T13:13:44 IST">
          <params>
            <param index="0">
              <value>
                <![CDATA[{state=Uttar Pradesh, address2=Sec 112 Noida, name=Apple Strore, zip=201246.0, serviceType=Sale, city=Noida, lat=100.0, type=Smartphone, lng=101.0, hours=9 to 5, services=Smartphone, address=Sec 63 Noida}]]>
              </value>
            </param>
          </params>
          <reporter-output>
          </reporter-output>
        </test-method> <!-- verifyStoresApiStoresAddTest -->
      </class> <!-- com.bestbuy.storesapitest.StoresAPIPostTest -->
    </test> <!-- Test1 -->
  </suite> <!-- Suite -->
</testng-results>
