<?xml version="1.0" encoding="UTF-8"?>
<testng-results skipped="0" failed="0" ignored="0" total="10" passed="10">
  <reporter-output>
  </reporter-output>
  <suite name="Default suite" duration-ms="5533" started-at="2020-10-23T22:30:15 IST" finished-at="2020-10-23T22:30:20 IST">
    <groups>
    </groups>
    <test name="Default test" duration-ms="5533" started-at="2020-10-23T22:30:15 IST" finished-at="2020-10-23T22:30:20 IST">
      <class name="com.bestby.productapitest.ProductAPIGetTest">
        <test-method status="PASS" signature="getProductApiResponse()[pri:0, instance:com.bestby.productapitest.ProductAPIGetTest@2833cc44]" name="getProductApiResponse" is-config="true" duration-ms="3160" started-at="2020-10-23T22:30:15 IST" finished-at="2020-10-23T22:30:18 IST">
          <reporter-output>
          </reporter-output>
        </test-method> <!-- getProductApiResponse -->
        <test-method status="PASS" signature="verifyProductApiResponse(java.util.Hashtable)[pri:0, instance:com.bestby.productapitest.ProductAPIGetTest@2833cc44]" name="verifyProductApiResponse" duration-ms="8" started-at="2020-10-23T22:30:18 IST" data-provider="ProductGetData" finished-at="2020-10-23T22:30:18 IST">
          <params>
            <param index="0">
              <value>
                <![CDATA[{shipping=0.0, name=Duracell - AA 1.5V CopperTop Batteries (4-Pack), id=48530.0, upc=041333415017, image=http://img.bbystatic.com/BestBuy_US/images/products/4853/48530_sa.jpg, url =http://www.bestbuy.com/site/duracell-aa-1-5v-coppertop-batteries-4-pack/48530.p?id=1099385268988&skuId=48530&cmp=RMXCC, price=5.49, index=0.0, type=HardGood, manufacturer=Duracell, description=Long-lasting energy; DURALOCK Power Preserve technology; for toys, clocks, radios, games, remotes, PDAs and more}]]>
              </value>
            </param>
          </params>
          <reporter-output>
          </reporter-output>
        </test-method> <!-- verifyProductApiResponse -->
        <test-method status="PASS" signature="getProductApiResponse()[pri:0, instance:com.bestby.productapitest.ProductAPIGetTest@2833cc44]" name="getProductApiResponse" is-config="true" duration-ms="236" started-at="2020-10-23T22:30:18 IST" finished-at="2020-10-23T22:30:19 IST">
          <reporter-output>
          </reporter-output>
        </test-method> <!-- getProductApiResponse -->
        <test-method status="PASS" signature="getProductApiResponse()[pri:0, instance:com.bestby.productapitest.ProductAPIGetTest@2833cc44]" name="getProductApiResponse" is-config="true" duration-ms="216" started-at="2020-10-23T22:30:19 IST" finished-at="2020-10-23T22:30:19 IST">
          <reporter-output>
          </reporter-output>
        </test-method> <!-- getProductApiResponse -->
        <test-method status="PASS" signature="verifyProductApiResponse(java.util.Hashtable)[pri:0, instance:com.bestby.productapitest.ProductAPIGetTest@2833cc44]" name="verifyProductApiResponse" duration-ms="0" started-at="2020-10-23T22:30:19 IST" data-provider="ProductGetData" finished-at="2020-10-23T22:30:19 IST">
          <params>
            <param index="0">
              <value>
                <![CDATA[{shipping=0.0, name=Duracell - AA Batteries (8-Pack), id=127687.0, upc=041333825014, image=http://img.bbystatic.com/BestBuy_US/images/products/1276/127687_sa.jpg, url =http://www.bestbuy.com/site/duracell-aa-batteries-8-pack/127687.p?id=1051384045676&skuId=127687&cmp=RMXCC, price=7.49, index=1.0, type=HardGood, manufacturer=Duracell, description=Compatible with select electronic devices; AA size; DURALOCK Power Preserve technology; 8-pack}]]>
              </value>
            </param>
          </params>
          <reporter-output>
          </reporter-output>
        </test-method> <!-- verifyProductApiResponse -->
        <test-method status="PASS" signature="verifyProductApiResponse(java.util.Hashtable)[pri:0, instance:com.bestby.productapitest.ProductAPIGetTest@2833cc44]" name="verifyProductApiResponse" duration-ms="0" started-at="2020-10-23T22:30:19 IST" data-provider="ProductGetData" finished-at="2020-10-23T22:30:19 IST">
          <params>
            <param index="0">
              <value>
                <![CDATA[{shipping=0.0, name=Energizer - MAX Batteries AA (4-Pack), id=150115.0, upc=039800011329, image=http://img.bbystatic.com/BestBuy_US/images/products/1501/150115_sa.jpg, url =http://www.bestbuy.com/site/energizer-max-batteries-aa-4-pack/150115.p?id=1051384046217&skuId=150115&cmp=RMXCC, price=4.99, index=2.0, type=HardGood, manufacturer=Energizer, description=4-pack AA alkaline batteries; battery tester included}]]>
              </value>
            </param>
          </params>
          <reporter-output>
          </reporter-output>
        </test-method> <!-- verifyProductApiResponse -->
        <test-method status="PASS" signature="getProductApiResponse()[pri:0, instance:com.bestby.productapitest.ProductAPIGetTest@2833cc44]" name="getProductApiResponse" is-config="true" duration-ms="232" started-at="2020-10-23T22:30:19 IST" finished-at="2020-10-23T22:30:19 IST">
          <reporter-output>
          </reporter-output>
        </test-method> <!-- getProductApiResponse -->
        <test-method status="PASS" signature="verifyProductApiResponse(java.util.Hashtable)[pri:0, instance:com.bestby.productapitest.ProductAPIGetTest@2833cc44]" name="verifyProductApiResponse" duration-ms="1" started-at="2020-10-23T22:30:19 IST" data-provider="ProductGetData" finished-at="2020-10-23T22:30:19 IST">
          <params>
            <param index="0">
              <value>
                <![CDATA[{shipping=0.0, name=Duracell - C Batteries (4-Pack), id=185230.0, upc=041333440019, image=http://img.bbystatic.com/BestBuy_US/images/products/1852/185230_sa.jpg, url =http://www.bestbuy.com/site/duracell-c-batteries-4-pack/185230.p?id=1051384046486&skuId=185230&cmp=RMXCC, price=8.99, index=3.0, type=HardGood, manufacturer=Duracell, description=Compatible with select electronic devices; C size; DURALOCK Power Preserve technology; 4-pack}]]>
              </value>
            </param>
          </params>
          <reporter-output>
          </reporter-output>
        </test-method> <!-- verifyProductApiResponse -->
        <test-method status="PASS" signature="getProductApiResponse()[pri:0, instance:com.bestby.productapitest.ProductAPIGetTest@2833cc44]" name="getProductApiResponse" is-config="true" duration-ms="260" started-at="2020-10-23T22:30:19 IST" finished-at="2020-10-23T22:30:19 IST">
          <reporter-output>
          </reporter-output>
        </test-method> <!-- getProductApiResponse -->
        <test-method status="PASS" signature="verifyProductApiResponse(java.util.Hashtable)[pri:0, instance:com.bestby.productapitest.ProductAPIGetTest@2833cc44]" name="verifyProductApiResponse" duration-ms="0" started-at="2020-10-23T22:30:19 IST" data-provider="ProductGetData" finished-at="2020-10-23T22:30:19 IST">
          <params>
            <param index="0">
              <value>
                <![CDATA[{shipping=0.0, name=Duracell - D Batteries (4-Pack), id=185267.0, upc=041333430010, image=http://img.bbystatic.com/BestBuy_US/images/products/1852/185267_sa.jpg, url =http://www.bestbuy.com/site/duracell-d-batteries-4-pack/185267.p?id=1051384046551&skuId=185267&cmp=RMXCC, price=9.99, index=4.0, type=HardGood, manufacturer=Duracell, description=Compatible with select electronic devices; D size; DURALOCK Power Preserve technology; 4-pack}]]>
              </value>
            </param>
          </params>
          <reporter-output>
          </reporter-output>
        </test-method> <!-- verifyProductApiResponse -->
        <test-method status="PASS" signature="getProductApiResponse()[pri:0, instance:com.bestby.productapitest.ProductAPIGetTest@2833cc44]" name="getProductApiResponse" is-config="true" duration-ms="170" started-at="2020-10-23T22:30:19 IST" finished-at="2020-10-23T22:30:20 IST">
          <reporter-output>
          </reporter-output>
        </test-method> <!-- getProductApiResponse -->
        <test-method status="PASS" signature="verifyProductApiResponse(java.util.Hashtable)[pri:0, instance:com.bestby.productapitest.ProductAPIGetTest@2833cc44]" name="verifyProductApiResponse" duration-ms="1" started-at="2020-10-23T22:30:20 IST" data-provider="ProductGetData" finished-at="2020-10-23T22:30:20 IST">
          <params>
            <param index="0">
              <value>
                <![CDATA[{shipping=0.0, name=Pioneer - 4" 3-Way Surface-Mount Speakers with IMPP Composite Cones (Pair) - Black, id=309062.0, upc=012562165141, image=http://img.bbystatic.com/BestBuy_US/images/products/0309/0309062_sa.jpg, url =http://www.bestbuy.com/site/pioneer-4-3-way-surface-mount-speakers-with-impp-composite-cones-pair-black/309062.p?id=1218643240258&skuId=309062&cmp=RMXCC, price=144.99, index=5.0, type=HardGood, manufacturer=Pioneer, description=80W maximum power (20W RMS); 4" IMPP composite cone woofer; 3/4" horn tweeter}]]>
              </value>
            </param>
          </params>
          <reporter-output>
          </reporter-output>
        </test-method> <!-- verifyProductApiResponse -->
        <test-method status="PASS" signature="getProductApiResponse()[pri:0, instance:com.bestby.productapitest.ProductAPIGetTest@2833cc44]" name="getProductApiResponse" is-config="true" duration-ms="209" started-at="2020-10-23T22:30:20 IST" finished-at="2020-10-23T22:30:20 IST">
          <reporter-output>
          </reporter-output>
        </test-method> <!-- getProductApiResponse -->
        <test-method status="PASS" signature="verifyProductApiResponse(java.util.Hashtable)[pri:0, instance:com.bestby.productapitest.ProductAPIGetTest@2833cc44]" name="verifyProductApiResponse" duration-ms="1" started-at="2020-10-23T22:30:20 IST" data-provider="ProductGetData" finished-at="2020-10-23T22:30:20 IST">
          <params>
            <param index="0">
              <value>
                <![CDATA[{shipping=0.0, name=Duracell - 9V Batteries (2-Pack), id=312290.0, upc=041333216010, image=http://img.bbystatic.com/BestBuy_US/images/products/3122/312290_sa.jpg, url =http://www.bestbuy.com/site/duracell-9v-batteries-2-pack/312290.p?id=1051384050321&skuId=312290&cmp=RMXCC, price=7.99, index=6.0, type=HardGood, manufacturer=Duracell, description=Compatible with select electronic devices; alkaline chemistry; 9V size; DURALOCK Power Preserve technology; 2-pack}]]>
              </value>
            </param>
          </params>
          <reporter-output>
          </reporter-output>
        </test-method> <!-- verifyProductApiResponse -->
        <test-method status="PASS" signature="getProductApiResponse()[pri:0, instance:com.bestby.productapitest.ProductAPIGetTest@2833cc44]" name="getProductApiResponse" is-config="true" duration-ms="192" started-at="2020-10-23T22:30:20 IST" finished-at="2020-10-23T22:30:20 IST">
          <reporter-output>
          </reporter-output>
        </test-method> <!-- getProductApiResponse -->
        <test-method status="PASS" signature="verifyProductApiResponse(java.util.Hashtable)[pri:0, instance:com.bestby.productapitest.ProductAPIGetTest@2833cc44]" name="verifyProductApiResponse" duration-ms="0" started-at="2020-10-23T22:30:20 IST" data-provider="ProductGetData" finished-at="2020-10-23T22:30:20 IST">
          <params>
            <param index="0">
              <value>
                <![CDATA[{shipping=0.0, name=Energizer - N Cell E90 Batteries (2-Pack), id=333179.0, upc=039800013200, image=http://img.bbystatic.com/BestBuy_US/images/products/3331/333179_sa.jpg, url =http://www.bestbuy.com/site/energizer-n-cell-e90-batteries-2-pack/333179.p?id=1185268509951&skuId=333179&cmp=RMXCC, price=5.99, index=7.0, type=HardGood, manufacturer=Energizer, description=Alkaline batteries; 1.5V}]]>
              </value>
            </param>
          </params>
          <reporter-output>
          </reporter-output>
        </test-method> <!-- verifyProductApiResponse -->
        <test-method status="PASS" signature="getProductApiResponse()[pri:0, instance:com.bestby.productapitest.ProductAPIGetTest@2833cc44]" name="getProductApiResponse" is-config="true" duration-ms="214" started-at="2020-10-23T22:30:20 IST" finished-at="2020-10-23T22:30:20 IST">
          <reporter-output>
          </reporter-output>
        </test-method> <!-- getProductApiResponse -->
        <test-method status="PASS" signature="verifyProductApiResponse(java.util.Hashtable)[pri:0, instance:com.bestby.productapitest.ProductAPIGetTest@2833cc44]" name="verifyProductApiResponse" duration-ms="1" started-at="2020-10-23T22:30:20 IST" data-provider="ProductGetData" finished-at="2020-10-23T22:30:20 IST">
          <params>
            <param index="0">
              <value>
                <![CDATA[{shipping=0.0, name=Metra - Radio Installation Dash Kit for Most 1989-2000 Ford, Lincoln & Mercury Vehicles - Black, id=347575.0, upc=086429002757, image=http://img.bbystatic.com/BestBuy_US/images/products/3465/346575_rc.jpg, url =http://www.bestbuy.com/site/metra-radio-installation-dash-kit-for-most-1989-2000-ford-lincoln-mercury-vehicles-black/346575.p?id=1218118704590&skuId=346575&cmp=RMXCC, price=16.99, index=8.0, type=HardGood, manufacturer=Metra, description=From our expanded online assortment; compatible with most 1989-2000 Ford, Lincoln and Mercury vehicles; snap-in TurboKit offers fast installation; spacer/trim ring; rear support bracket}]]>
              </value>
            </param>
          </params>
          <reporter-output>
          </reporter-output>
        </test-method> <!-- verifyProductApiResponse -->
        <test-method status="PASS" signature="getProductApiResponse()[pri:0, instance:com.bestby.productapitest.ProductAPIGetTest@2833cc44]" name="getProductApiResponse" is-config="true" duration-ms="199" started-at="2020-10-23T22:30:20 IST" finished-at="2020-10-23T22:30:20 IST">
          <reporter-output>
          </reporter-output>
        </test-method> <!-- getProductApiResponse -->
        <test-method status="PASS" signature="verifyProductApiResponse(java.util.Hashtable)[pri:0, instance:com.bestby.productapitest.ProductAPIGetTest@2833cc44]" name="verifyProductApiResponse" duration-ms="1" started-at="2020-10-23T22:30:20 IST" data-provider="ProductGetData" finished-at="2020-10-23T22:30:20 IST">
          <params>
            <param index="0">
              <value>
                <![CDATA[{shipping=0.0, name=Metra - Radio Dash Multikit for Select GM Vehicles - Black, id=346646.0, upc=086429003273, image=http://img.bbystatic.com/BestBuy_US/images/products/3466/346646_rc.jpg, url =http://www.bestbuy.com/site/metra-radio-dash-multikit-for-select-gm-vehicles-black/346646.p?id=1210376657731&skuId=346646&cmp=RMXCC, price=16.99, index=9.0, type=HardGood, manufacturer=Metra, description=From our expanded online assortment; compatible with select GM vehicles; plastic material}]]>
              </value>
            </param>
          </params>
          <reporter-output>
          </reporter-output>
        </test-method> <!-- verifyProductApiResponse -->
      </class> <!-- com.bestby.productapitest.ProductAPIGetTest -->
    </test> <!-- Default test -->
  </suite> <!-- Default suite -->
</testng-results>
